<?xml version="1.0" encoding="utf-8"?>
<CoverageSession xmlns:xsd="http://www.w3.org/2001/XMLSchema" xmlns:xsi="http://www.w3.org/2001/XMLSchema-instance" Version="4.6.821.0">
  <Summary numSequencePoints="10" visitedSequencePoints="0" numBranchPoints="2" visitedBranchPoints="0" sequenceCoverage="0" branchCoverage="0" maxCyclomaticComplexity="1" minCyclomaticComplexity="1" maxCrapScore="2" minCrapScore="2" visitedClasses="0" numClasses="2" visitedMethods="0" numMethods="2" />
  <Modules>
    <Module skippedDueTo="Filter" hash="2F-88-A9-BB-B6-16-36-10-AC-73-83-54-44-F5-17-12-E0-9F-03-28">
      <ModulePath>C:\Program Files\dotnet\shared\Microsoft.NETCore.App\2.0.0\System.Private.CoreLib.dll</ModulePath>
      <ModuleTime>2017-07-20T10:52:08Z</ModuleTime>
      <ModuleName>System.Private.CoreLib</ModuleName>
      <Files />
      <Classes />
    </Module>
    <Module skippedDueTo="Filter" hash="8D-DD-AE-8D-3E-36-05-88-86-F1-A0-DF-F4-81-14-CB-67-DC-DF-1A">
      <ModulePath>C:\Program Files\dotnet\sdk\2.0.0\dotnet.dll</ModulePath>
      <ModuleTime>2017-08-03T07:08:10Z</ModuleTime>
      <ModuleName>dotnet</ModuleName>
      <Files />
      <Classes />
    </Module>
    <Module skippedDueTo="Filter" hash="B1-9D-98-DD-3C-A1-89-69-AC-7E-F1-16-E9-88-3F-F4-4C-77-AB-38">
      <ModulePath>C:\Program Files\dotnet\shared\Microsoft.NETCore.App\2.0.0\System.Runtime.dll</ModulePath>
      <ModuleTime>2017-07-20T10:52:08Z</ModuleTime>
      <ModuleName>System.Runtime</ModuleName>
      <Files />
      <Classes />
    </Module>
    <Module skippedDueTo="Filter" hash="2F-A2-C3-6C-F6-A3-2A-6E-53-71-40-01-62-37-30-49-FA-DF-7C-A9">
      <ModulePath>C:\Program Files\dotnet\sdk\2.0.0\Microsoft.DotNet.Cli.Utils.dll</ModulePath>
      <ModuleTime>2017-08-03T07:08:12Z</ModuleTime>
      <ModuleName>Microsoft.DotNet.Cli.Utils</ModuleName>
      <Files />
      <Classes />
    </Module>
    <Module skippedDueTo="Filter" hash="3C-7A-96-F0-F0-0A-AB-CF-4A-F1-7F-84-AD-D1-CC-8A-89-FB-43-30">
      <ModulePath>C:\Program Files\dotnet\shared\Microsoft.NETCore.App\2.0.0\System.Runtime.Extensions.dll</ModulePath>
      <ModuleTime>2017-07-20T10:52:08Z</ModuleTime>
      <ModuleName>System.Runtime.Extensions</ModuleName>
      <Files />
      <Classes />
    </Module>
    <Module skippedDueTo="Filter" hash="6D-5A-04-73-28-C9-26-1C-E8-75-84-50-BF-FF-76-AC-5A-9E-28-48">
      <ModulePath>C:\Program Files\dotnet\shared\Microsoft.NETCore.App\2.0.0\System.Runtime.InteropServices.RuntimeInformation.dll</ModulePath>
      <ModuleTime>2017-07-20T10:52:08Z</ModuleTime>
      <ModuleName>System.Runtime.InteropServices.RuntimeInformation</ModuleName>
      <Files />
      <Classes />
    </Module>
    <Module skippedDueTo="Filter" hash="45-E9-3D-14-67-92-EB-4A-1C-CC-E2-01-D2-6C-A1-29-4A-C8-C1-1E">
      <ModulePath>C:\Program Files\dotnet\shared\Microsoft.NETCore.App\2.0.0\System.Reflection.Extensions.dll</ModulePath>
      <ModuleTime>2017-07-20T10:52:08Z</ModuleTime>
      <ModuleName>System.Reflection.Extensions</ModuleName>
      <Files />
      <Classes />
    </Module>
    <Module skippedDueTo="Filter" hash="24-D5-33-36-52-51-67-A0-24-3D-22-95-32-23-DA-6D-B4-16-CD-CB">
      <ModulePath>C:\Program Files\dotnet\shared\Microsoft.NETCore.App\2.0.0\System.Reflection.dll</ModulePath>
      <ModuleTime>2017-07-20T10:52:08Z</ModuleTime>
      <ModuleName>System.Reflection</ModuleName>
      <Files />
      <Classes />
    </Module>
    <Module skippedDueTo="Filter" hash="26-B6-2A-48-3A-C2-D7-FF-90-A6-A4-40-4C-01-ED-9D-D5-81-FF-AF">
      <ModulePath>C:\Program Files\dotnet\sdk\2.0.0\Microsoft.DotNet.PlatformAbstractions.dll</ModulePath>
      <ModuleTime>2017-08-03T07:08:12Z</ModuleTime>
      <ModuleName>Microsoft.DotNet.PlatformAbstractions</ModuleName>
      <Files />
      <Classes />
    </Module>
    <Module skippedDueTo="Filter" hash="42-05-10-61-0A-00-05-FA-1F-EB-04-C9-F9-DD-2C-D4-89-87-3F-B1">
      <ModulePath>C:\Program Files\dotnet\shared\Microsoft.NETCore.App\2.0.0\System.Runtime.InteropServices.dll</ModulePath>
      <ModuleTime>2017-07-20T10:52:08Z</ModuleTime>
      <ModuleName>System.Runtime.InteropServices</ModuleName>
      <Files />
      <Classes />
    </Module>
    <Module skippedDueTo="Filter" hash="89-70-E9-C9-2D-15-5F-35-A4-A6-47-48-86-2C-E8-14-EC-34-B9-9F">
      <ModulePath>C:\Program Files\dotnet\shared\Microsoft.NETCore.App\2.0.0\System.IO.FileSystem.dll</ModulePath>
      <ModuleTime>2017-07-20T10:52:06Z</ModuleTime>
      <ModuleName>System.IO.FileSystem</ModuleName>
      <Files />
      <Classes />
    </Module>
    <Module skippedDueTo="Filter" hash="7F-86-D1-E6-14-45-A7-32-BF-F5-26-4C-B3-4B-72-A0-1B-F2-EF-62">
      <ModulePath>C:\Program Files\dotnet\shared\Microsoft.NETCore.App\2.0.0\System.Runtime.Loader.dll</ModulePath>
      <ModuleTime>2017-07-20T10:52:08Z</ModuleTime>
      <ModuleName>System.Runtime.Loader</ModuleName>
      <Files />
      <Classes />
    </Module>
    <Module skippedDueTo="Filter" hash="5E-96-DB-E2-7C-19-54-CE-21-6C-89-F7-91-DE-7E-4F-B0-9A-C3-7B">
      <ModulePath>C:\Program Files\dotnet\sdk\2.0.0\runtimes\win\lib\netstandard1.3\System.Text.Encoding.CodePages.dll</ModulePath>
      <ModuleTime>2017-08-03T07:08:16Z</ModuleTime>
      <ModuleName>System.Text.Encoding.CodePages</ModuleName>
      <Files />
      <Classes />
    </Module>
    <Module skippedDueTo="Filter" hash="71-55-8B-F9-57-BC-B0-34-9A-F8-A2-C8-58-A4-C7-74-EC-A4-CD-9C">
      <ModulePath>C:\Program Files\dotnet\shared\Microsoft.NETCore.App\2.0.0\System.Text.Encoding.dll</ModulePath>
      <ModuleTime>2017-07-20T10:52:08Z</ModuleTime>
      <ModuleName>System.Text.Encoding</ModuleName>
      <Files />
      <Classes />
    </Module>
    <Module skippedDueTo="Filter" hash="F6-9B-26-AA-03-02-E2-D8-6A-A8-43-4E-56-E5-60-DE-59-F9-52-D2">
      <ModulePath>C:\Program Files\dotnet\shared\Microsoft.NETCore.App\2.0.0\System.Collections.dll</ModulePath>
      <ModuleTime>2017-07-20T10:52:06Z</ModuleTime>
      <ModuleName>System.Collections</ModuleName>
      <Files />
      <Classes />
    </Module>
    <Module skippedDueTo="Filter" hash="EB-18-C3-43-11-91-EB-51-F0-4E-50-91-DE-EC-A3-6F-E7-CE-D9-3E">
      <ModulePath>C:\Program Files\dotnet\shared\Microsoft.NETCore.App\2.0.0\System.Threading.dll</ModulePath>
      <ModuleTime>2017-07-20T10:52:08Z</ModuleTime>
      <ModuleName>System.Threading</ModuleName>
      <Files />
      <Classes />
    </Module>
    <Module skippedDueTo="Filter" hash="8B-99-E8-F0-CD-95-95-B0-68-10-D4-3A-CB-A1-0A-BE-38-66-BE-13">
      <ModulePath>C:\Program Files\dotnet\shared\Microsoft.NETCore.App\2.0.0\System.Collections.Concurrent.dll</ModulePath>
      <ModuleTime>2017-07-20T10:52:06Z</ModuleTime>
      <ModuleName>System.Collections.Concurrent</ModuleName>
      <Files />
      <Classes />
    </Module>
    <Module skippedDueTo="Filter" hash="92-A1-00-E7-E2-BF-4D-F7-95-CB-46-C2-DF-CC-15-61-47-27-B2-9F">
      <ModulePath>C:\Program Files\dotnet\shared\Microsoft.NETCore.App\2.0.0\System.Threading.Thread.dll</ModulePath>
      <ModuleTime>2017-07-20T10:52:08Z</ModuleTime>
      <ModuleName>System.Threading.Thread</ModuleName>
      <Files />
      <Classes />
    </Module>
    <Module skippedDueTo="Filter" hash="80-F3-31-87-AA-BE-F0-08-E2-C4-7C-2D-76-97-05-5F-96-6C-E3-CE">
      <ModulePath>C:\Program Files\dotnet\shared\Microsoft.NETCore.App\2.0.0\System.Linq.dll</ModulePath>
      <ModuleTime>2017-07-20T10:52:06Z</ModuleTime>
      <ModuleName>System.Linq</ModuleName>
      <Files />
      <Classes />
    </Module>
    <Module skippedDueTo="Filter" hash="F7-D7-B4-FC-2C-07-D8-B3-03-0A-2D-EC-2B-24-59-88-4D-A8-9D-6B">
      <ModulePath>C:\Program Files\dotnet\shared\Microsoft.NETCore.App\2.0.0\System.Diagnostics.Process.dll</ModulePath>
      <ModuleTime>2017-07-20T10:52:06Z</ModuleTime>
      <ModuleName>System.Diagnostics.Process</ModuleName>
      <Files />
      <Classes />
    </Module>
    <Module skippedDueTo="Filter" hash="2E-35-22-68-5A-D9-36-15-EC-F3-74-A3-8F-CF-4A-C8-78-CE-3D-CC">
      <ModulePath>C:\Program Files\dotnet\sdk\2.0.0\Microsoft.DotNet.Configurer.dll</ModulePath>
      <ModuleTime>2017-08-03T07:08:12Z</ModuleTime>
      <ModuleName>Microsoft.DotNet.Configurer</ModuleName>
      <Files />
      <Classes />
    </Module>
    <Module skippedDueTo="Filter" hash="A9-35-05-17-48-B6-02-2A-7D-91-FC-4B-90-29-11-57-7E-06-AC-62">
      <ModulePath>C:\Program Files\dotnet\shared\Microsoft.NETCore.App\2.0.0\System.AppContext.dll</ModulePath>
      <ModuleTime>2017-07-20T10:52:06Z</ModuleTime>
      <ModuleName>System.AppContext</ModuleName>
      <Files />
      <Classes />
    </Module>
    <Module skippedDueTo="Filter" hash="EC-0B-8B-39-3F-4D-BE-88-95-7B-93-F6-A4-A9-66-41-9E-C9-48-9B">
      <ModulePath>C:\Program Files\dotnet\sdk\2.0.0\Microsoft.DotNet.InternalAbstractions.dll</ModulePath>
      <ModuleTime>2017-08-03T07:08:12Z</ModuleTime>
      <ModuleName>Microsoft.DotNet.InternalAbstractions</ModuleName>
      <Files />
      <Classes />
    </Module>
    <Module skippedDueTo="Filter" hash="2A-C9-25-F3-D5-15-6C-B1-09-A6-1F-DA-0F-51-0B-96-DE-24-F6-E0">
      <ModulePath>C:\Program Files\dotnet\shared\Microsoft.NETCore.App\2.0.0\System.IO.FileSystem.Primitives.dll</ModulePath>
      <ModuleTime>2017-07-20T10:52:06Z</ModuleTime>
      <ModuleName>System.IO.FileSystem.Primitives</ModuleName>
      <Files />
      <Classes />
    </Module>
    <Module skippedDueTo="Filter" hash="2D-70-CB-62-DA-FC-A2-6C-E4-9F-F1-DB-4C-3B-9A-34-20-80-E4-06">
      <ModulePath>C:\Program Files\dotnet\shared\Microsoft.NETCore.App\2.0.0\System.IO.dll</ModulePath>
      <ModuleTime>2017-07-20T10:52:06Z</ModuleTime>
      <ModuleName>System.IO</ModuleName>
      <Files />
      <Classes />
    </Module>
    <Module skippedDueTo="Filter" hash="61-6F-28-76-46-18-91-8F-1F-DF-4A-71-89-22-3D-AD-27-58-DF-F4">
      <ModulePath>C:\Program Files\dotnet\sdk\2.0.0\NuGet.Frameworks.dll</ModulePath>
      <ModuleTime>2017-08-03T07:08:14Z</ModuleTime>
      <ModuleName>NuGet.Frameworks</ModuleName>
      <Files />
      <Classes />
    </Module>
    <Module skippedDueTo="Filter" hash="4B-B8-F7-36-81-46-46-AC-52-E9-F6-F0-10-B0-D4-A7-39-49-E6-A5">
      <ModulePath>C:\Program Files\dotnet\shared\Microsoft.NETCore.App\2.0.0\System.Console.dll</ModulePath>
      <ModuleTime>2017-07-20T10:52:06Z</ModuleTime>
      <ModuleName>System.Console</ModuleName>
      <Files />
      <Classes />
    </Module>
    <Module skippedDueTo="Filter" hash="76-A3-0C-AD-28-11-DC-81-BA-2D-4B-C3-06-E4-74-7F-83-3A-B3-DF">
      <ModulePath>C:\Program Files\dotnet\shared\Microsoft.NETCore.App\2.0.0\System.Runtime.Handles.dll</ModulePath>
      <ModuleTime>2017-07-20T10:52:08Z</ModuleTime>
      <ModuleName>System.Runtime.Handles</ModuleName>
      <Files />
      <Classes />
    </Module>
    <Module skippedDueTo="Filter" hash="DD-8D-C4-9B-06-85-CC-53-A2-C6-FD-C1-8A-18-54-DF-36-F2-BB-FB">
      <ModulePath>C:\Program Files\dotnet\sdk\2.0.0\Microsoft.DotNet.Cli.CommandLine.dll</ModulePath>
      <ModuleTime>2017-08-03T07:08:12Z</ModuleTime>
      <ModuleName>Microsoft.DotNet.Cli.CommandLine</ModuleName>
      <Files />
      <Classes />
    </Module>
    <Module skippedDueTo="Filter" hash="FB-85-16-BA-B9-27-D4-54-BE-3D-21-48-B1-DC-3D-6E-22-5E-D1-D6">
      <ModulePath>C:\Program Files\dotnet\sdk\2.0.0\Microsoft.ApplicationInsights.dll</ModulePath>
      <ModuleTime>2017-08-03T07:08:10Z</ModuleTime>
      <ModuleName>Microsoft.ApplicationInsights</ModuleName>
      <Files />
      <Classes />
    </Module>
    <Module skippedDueTo="Filter" hash="2E-3F-98-9F-F8-96-78-BA-71-3A-6A-0C-9C-B3-D0-39-1E-46-25-10">
      <ModulePath>C:\Program Files\dotnet\shared\Microsoft.NETCore.App\2.0.0\System.Text.RegularExpressions.dll</ModulePath>
      <ModuleTime>2017-07-20T10:52:08Z</ModuleTime>
      <ModuleName>System.Text.RegularExpressions</ModuleName>
      <Files />
      <Classes />
    </Module>
    <Module skippedDueTo="Filter" hash="B8-E0-1C-46-05-EF-1C-0F-0F-1D-3C-D4-89-4D-08-3A-89-36-F3-E5">
      <ModulePath>C:\Program Files\dotnet\shared\Microsoft.NETCore.App\2.0.0\System.Xml.XDocument.dll</ModulePath>
      <ModuleTime>2017-07-20T10:52:08Z</ModuleTime>
      <ModuleName>System.Xml.XDocument</ModuleName>
      <Files />
      <Classes />
    </Module>
    <Module skippedDueTo="Filter" hash="DD-F6-D3-A5-01-A8-F6-AC-1B-A1-E9-B5-7C-53-43-D4-64-1C-30-53">
      <ModulePath>C:\Program Files\dotnet\shared\Microsoft.NETCore.App\2.0.0\System.Private.Xml.Linq.dll</ModulePath>
      <ModuleTime>2017-07-20T10:52:08Z</ModuleTime>
      <ModuleName>System.Private.Xml.Linq</ModuleName>
      <Files />
      <Classes />
    </Module>
    <Module skippedDueTo="Filter" hash="A0-2C-E4-67-65-31-2F-52-34-BE-1B-B5-8E-F0-03-96-33-5C-4A-E3">
      <ModulePath>C:\Program Files\dotnet\shared\Microsoft.NETCore.App\2.0.0\System.Diagnostics.Tracing.dll</ModulePath>
      <ModuleTime>2017-07-20T10:52:06Z</ModuleTime>
      <ModuleName>System.Diagnostics.Tracing</ModuleName>
      <Files />
      <Classes />
    </Module>
    <Module skippedDueTo="Filter" hash="EF-01-0C-C7-04-7B-55-8E-E4-3A-33-93-09-C2-FB-42-94-A0-43-B7">
      <ModulePath>C:\Program Files\dotnet\shared\Microsoft.NETCore.App\2.0.0\System.Threading.Tasks.dll</ModulePath>
      <ModuleTime>2017-07-20T10:52:08Z</ModuleTime>
      <ModuleName>System.Threading.Tasks</ModuleName>
      <Files />
      <Classes />
    </Module>
    <Module skippedDueTo="Filter" hash="FA-2B-87-A5-50-E5-4F-A1-C0-7E-53-1F-0B-F1-52-F1-E9-38-1F-38">
      <ModulePath>C:\Program Files\dotnet\shared\Microsoft.NETCore.App\2.0.0\System.Private.Uri.dll</ModulePath>
      <ModuleTime>2017-07-20T10:52:08Z</ModuleTime>
      <ModuleName>System.Private.Uri</ModuleName>
      <Files />
      <Classes />
    </Module>
    <Module skippedDueTo="Filter" hash="3E-2C-80-45-4B-5B-8B-5F-09-84-82-17-AA-7B-43-BF-3F-43-55-D2">
      <ModulePath>C:\Program Files\dotnet\shared\Microsoft.NETCore.App\2.0.0\System.Resources.ResourceManager.dll</ModulePath>
      <ModuleTime>2017-07-20T10:52:08Z</ModuleTime>
      <ModuleName>System.Resources.ResourceManager</ModuleName>
      <Files />
      <Classes />
    </Module>
    <Module skippedDueTo="Filter" hash="E3-81-62-71-AF-62-BF-D6-2E-93-05-8A-3E-99-BB-FB-36-5D-96-70">
      <ModulePath>C:\Program Files\dotnet\sdk\2.0.0\Microsoft.Build.Utilities.Core.dll</ModulePath>
      <ModuleTime>2017-08-03T07:08:12Z</ModuleTime>
      <ModuleName>Microsoft.Build.Utilities.Core</ModuleName>
      <Files />
      <Classes />
    </Module>
    <Module skippedDueTo="Filter" hash="C9-76-59-7E-4F-55-2C-7F-D7-4D-12-64-B0-AD-A3-21-9B-EA-90-B3">
      <ModulePath>C:\Program Files\dotnet\sdk\2.0.0\Microsoft.Build.Framework.dll</ModulePath>
      <ModuleTime>2017-08-03T07:08:10Z</ModuleTime>
      <ModuleName>Microsoft.Build.Framework</ModuleName>
      <Files />
      <Classes />
    </Module>
    <Module skippedDueTo="Filter" hash="86-5B-86-E2-06-81-2C-73-3B-6D-BC-9C-E7-90-26-27-45-9D-47-99">
      <ModulePath>C:\Program Files\dotnet\shared\Microsoft.NETCore.App\2.0.0\System.ComponentModel.Primitives.dll</ModulePath>
      <ModuleTime>2017-07-20T10:52:06Z</ModuleTime>
      <ModuleName>System.ComponentModel.Primitives</ModuleName>
      <Files />
      <Classes />
    </Module>
    <Module skippedDueTo="Filter" hash="E6-69-68-08-E2-62-0F-85-F0-BE-8F-4D-51-D1-88-8E-81-FD-73-0B">
      <ModulePath>C:\Program Files\dotnet\shared\Microsoft.NETCore.App\2.0.0\System.Globalization.dll</ModulePath>
      <ModuleTime>2017-07-20T10:52:06Z</ModuleTime>
      <ModuleName>System.Globalization</ModuleName>
      <Files />
      <Classes />
    </Module>
    <Module skippedDueTo="Filter" hash="1D-2D-98-E4-A2-F2-43-8E-21-6C-72-DF-A8-3D-26-3C-24-D6-D9-12">
      <ModulePath>C:\Program Files\dotnet\shared\Microsoft.NETCore.App\2.0.0\System.Security.Cryptography.Algorithms.dll</ModulePath>
      <ModuleTime>2017-07-20T10:52:08Z</ModuleTime>
      <ModuleName>System.Security.Cryptography.Algorithms</ModuleName>
      <Files />
      <Classes />
    </Module>
    <Module skippedDueTo="Filter" hash="C9-B1-4A-54-97-4E-1E-D7-82-8B-E9-17-E9-56-A6-83-32-BF-A1-41">
      <ModulePath>C:\Program Files\dotnet\shared\Microsoft.NETCore.App\2.0.0\System.Security.Cryptography.Primitives.dll</ModulePath>
      <ModuleTime>2017-07-20T10:52:08Z</ModuleTime>
      <ModuleName>System.Security.Cryptography.Primitives</ModuleName>
      <Files />
      <Classes />
    </Module>
    <Module skippedDueTo="Filter" hash="85-74-21-EC-76-BB-C4-A6-3A-AE-CE-60-C8-82-FC-E5-4F-88-33-73">
      <ModulePath>C:\Program Files\dotnet\shared\Microsoft.NETCore.App\2.0.0\System.Diagnostics.Tools.dll</ModulePath>
      <ModuleTime>2017-07-20T10:52:06Z</ModuleTime>
      <ModuleName>System.Diagnostics.Tools</ModuleName>
      <Files />
      <Classes />
    </Module>
    <Module skippedDueTo="Filter" hash="AB-3C-81-B8-F6-36-BB-7C-8D-F5-C8-0A-7F-23-6E-13-4F-0E-D5-62">
      <ModulePath>C:\Program Files\dotnet\shared\Microsoft.NETCore.App\2.0.0\System.Diagnostics.Debug.dll</ModulePath>
      <ModuleTime>2017-07-20T10:52:06Z</ModuleTime>
      <ModuleName>System.Diagnostics.Debug</ModuleName>
      <Files />
      <Classes />
    </Module>
    <Module skippedDueTo="Filter" hash="EE-F7-12-04-F9-F9-02-18-2C-FA-A5-20-0B-E5-40-DC-C9-BA-47-4F">
      <ModulePath>C:\Program Files\dotnet\shared\Microsoft.NETCore.App\2.0.0\System.IO.Compression.dll</ModulePath>
      <ModuleTime>2017-07-20T10:52:06Z</ModuleTime>
      <ModuleName>System.IO.Compression</ModuleName>
      <Files />
      <Classes />
    </Module>
    <Module skippedDueTo="Filter" hash="CD-43-5A-53-5F-46-5A-61-F0-49-BE-B7-F3-EA-0F-20-AD-1A-8D-C6">
      <ModulePath>C:\Program Files\dotnet\shared\Microsoft.NETCore.App\2.0.0\System.Buffers.dll</ModulePath>
      <ModuleTime>2017-07-20T10:52:06Z</ModuleTime>
      <ModuleName>System.Buffers</ModuleName>
      <Files />
      <Classes />
    </Module>
    <Module skippedDueTo="Filter" hash="D3-F6-1A-F1-57-F1-04-F9-6E-11-BB-94-3E-86-F5-C3-6D-06-04-E2">
      <ModulePath>C:\Program Files\dotnet\shared\Microsoft.NETCore.App\2.0.0\System.Text.Encoding.Extensions.dll</ModulePath>
      <ModuleTime>2017-07-20T10:52:08Z</ModuleTime>
      <ModuleName>System.Text.Encoding.Extensions</ModuleName>
      <Files />
      <Classes />
    </Module>
    <Module skippedDueTo="Filter" hash="CD-6B-BC-AF-EF-21-6A-54-B4-B0-81-FD-3E-17-A9-EA-BA-D0-23-3D">
      <ModulePath>C:\Program Files\dotnet\shared\Microsoft.NETCore.App\2.0.0\System.Net.Http.dll</ModulePath>
      <ModuleTime>2017-07-20T10:52:06Z</ModuleTime>
      <ModuleName>System.Net.Http</ModuleName>
      <Files />
      <Classes />
    </Module>
    <Module skippedDueTo="Filter" hash="5F-EC-41-41-AB-49-88-F8-F1-2A-13-23-4A-59-C7-E1-C4-B9-7B-57">
      <ModulePath>C:\Program Files\dotnet\shared\Microsoft.NETCore.App\2.0.0\System.Net.Primitives.dll</ModulePath>
      <ModuleTime>2017-07-20T10:52:08Z</ModuleTime>
      <ModuleName>System.Net.Primitives</ModuleName>
      <Files />
      <Classes />
    </Module>
    <Module skippedDueTo="Filter" hash="AE-65-E4-FB-FE-67-FA-05-AA-9C-A5-D5-B0-AF-33-CC-AF-92-9B-35">
      <ModulePath>C:\Program Files\dotnet\shared\Microsoft.NETCore.App\2.0.0\System.Diagnostics.DiagnosticSource.dll</ModulePath>
      <ModuleTime>2017-07-20T10:52:06Z</ModuleTime>
      <ModuleName>System.Diagnostics.DiagnosticSource</ModuleName>
      <Files />
      <Classes />
    </Module>
    <Module skippedDueTo="Filter" hash="94-15-48-19-F1-3C-5A-72-8C-BC-69-73-B7-42-21-90-E4-5A-A9-B9">
      <ModulePath>C:\Program Files\dotnet\shared\Microsoft.NETCore.App\2.0.0\System.Security.Cryptography.X509Certificates.dll</ModulePath>
      <ModuleTime>2017-07-20T10:52:08Z</ModuleTime>
      <ModuleName>System.Security.Cryptography.X509Certificates</ModuleName>
      <Files />
      <Classes />
    </Module>
    <Module skippedDueTo="Filter" hash="11-29-0C-F8-CE-73-3F-3E-06-AF-A0-16-05-96-4D-5A-A7-6A-DF-C2">
      <ModulePath>C:\Program Files\dotnet\shared\Microsoft.NETCore.App\2.0.0\System.Collections.NonGeneric.dll</ModulePath>
      <ModuleTime>2017-07-20T10:52:06Z</ModuleTime>
      <ModuleName>System.Collections.NonGeneric</ModuleName>
      <Files />
      <Classes />
    </Module>
    <Module skippedDueTo="Filter" hash="2F-88-A9-BB-B6-16-36-10-AC-73-83-54-44-F5-17-12-E0-9F-03-28">
      <ModulePath>C:\Program Files\dotnet\shared\Microsoft.NETCore.App\2.0.0\System.Private.CoreLib.dll</ModulePath>
      <ModuleTime>2017-07-20T10:52:08Z</ModuleTime>
      <ModuleName>System.Private.CoreLib</ModuleName>
      <Files />
      <Classes />
    </Module>
    <Module skippedDueTo="Filter" hash="C2-7C-25-2E-25-69-A6-E0-6B-01-C4-3A-7D-43-93-42-F3-12-F9-09">
      <ModulePath>C:\Program Files\dotnet\sdk\2.0.0\MSBuild.dll</ModulePath>
      <ModuleTime>2017-08-03T07:08:14Z</ModuleTime>
      <ModuleName>MSBuild</ModuleName>
      <Files />
      <Classes />
    </Module>
    <Module skippedDueTo="Filter" hash="B1-9D-98-DD-3C-A1-89-69-AC-7E-F1-16-E9-88-3F-F4-4C-77-AB-38">
      <ModulePath>C:\Program Files\dotnet\shared\Microsoft.NETCore.App\2.0.0\System.Runtime.dll</ModulePath>
      <ModuleTime>2017-07-20T10:52:08Z</ModuleTime>
      <ModuleName>System.Runtime</ModuleName>
      <Files />
      <Classes />
    </Module>
    <Module skippedDueTo="Filter" hash="EB-18-C3-43-11-91-EB-51-F0-4E-50-91-DE-EC-A3-6F-E7-CE-D9-3E">
      <ModulePath>C:\Program Files\dotnet\shared\Microsoft.NETCore.App\2.0.0\System.Threading.dll</ModulePath>
      <ModuleTime>2017-07-20T10:52:08Z</ModuleTime>
      <ModuleName>System.Threading</ModuleName>
      <Files />
      <Classes />
    </Module>
    <Module skippedDueTo="Filter" hash="24-D5-33-36-52-51-67-A0-24-3D-22-95-32-23-DA-6D-B4-16-CD-CB">
      <ModulePath>C:\Program Files\dotnet\shared\Microsoft.NETCore.App\2.0.0\System.Reflection.dll</ModulePath>
      <ModuleTime>2017-07-20T10:52:08Z</ModuleTime>
      <ModuleName>System.Reflection</ModuleName>
      <Files />
      <Classes />
    </Module>
    <Module skippedDueTo="Filter" hash="4A-A3-9A-94-A3-C6-3B-8F-C1-2F-D9-CC-68-D2-E4-8C-AE-50-F4-F1">
      <ModulePath>C:\Program Files\dotnet\shared\Microsoft.NETCore.App\2.0.0\System.Reflection.TypeExtensions.dll</ModulePath>
      <ModuleTime>2017-07-20T10:52:08Z</ModuleTime>
      <ModuleName>System.Reflection.TypeExtensions</ModuleName>
      <Files />
      <Classes />
    </Module>
    <Module skippedDueTo="Filter" hash="3C-7A-96-F0-F0-0A-AB-CF-4A-F1-7F-84-AD-D1-CC-8A-89-FB-43-30">
      <ModulePath>C:\Program Files\dotnet\shared\Microsoft.NETCore.App\2.0.0\System.Runtime.Extensions.dll</ModulePath>
      <ModuleTime>2017-07-20T10:52:08Z</ModuleTime>
      <ModuleName>System.Runtime.Extensions</ModuleName>
      <Files />
      <Classes />
    </Module>
    <Module skippedDueTo="Filter" hash="F7-D7-B4-FC-2C-07-D8-B3-03-0A-2D-EC-2B-24-59-88-4D-A8-9D-6B">
      <ModulePath>C:\Program Files\dotnet\shared\Microsoft.NETCore.App\2.0.0\System.Diagnostics.Process.dll</ModulePath>
      <ModuleTime>2017-07-20T10:52:06Z</ModuleTime>
      <ModuleName>System.Diagnostics.Process</ModuleName>
      <Files />
      <Classes />
    </Module>
    <Module skippedDueTo="Filter" hash="86-5B-86-E2-06-81-2C-73-3B-6D-BC-9C-E7-90-26-27-45-9D-47-99">
      <ModulePath>C:\Program Files\dotnet\shared\Microsoft.NETCore.App\2.0.0\System.ComponentModel.Primitives.dll</ModulePath>
      <ModuleTime>2017-07-20T10:52:06Z</ModuleTime>
      <ModuleName>System.ComponentModel.Primitives</ModuleName>
      <Files />
      <Classes />
    </Module>
    <Module skippedDueTo="Filter" hash="42-05-10-61-0A-00-05-FA-1F-EB-04-C9-F9-DD-2C-D4-89-87-3F-B1">
      <ModulePath>C:\Program Files\dotnet\shared\Microsoft.NETCore.App\2.0.0\System.Runtime.InteropServices.dll</ModulePath>
      <ModuleTime>2017-07-20T10:52:08Z</ModuleTime>
      <ModuleName>System.Runtime.InteropServices</ModuleName>
      <Files />
      <Classes />
    </Module>
    <Module skippedDueTo="Filter" hash="11-29-0C-F8-CE-73-3F-3E-06-AF-A0-16-05-96-4D-5A-A7-6A-DF-C2">
      <ModulePath>C:\Program Files\dotnet\shared\Microsoft.NETCore.App\2.0.0\System.Collections.NonGeneric.dll</ModulePath>
      <ModuleTime>2017-07-20T10:52:06Z</ModuleTime>
      <ModuleName>System.Collections.NonGeneric</ModuleName>
      <Files />
      <Classes />
    </Module>
    <Module skippedDueTo="Filter" hash="80-F3-31-87-AA-BE-F0-08-E2-C4-7C-2D-76-97-05-5F-96-6C-E3-CE">
      <ModulePath>C:\Program Files\dotnet\shared\Microsoft.NETCore.App\2.0.0\System.Linq.dll</ModulePath>
      <ModuleTime>2017-07-20T10:52:06Z</ModuleTime>
      <ModuleName>System.Linq</ModuleName>
      <Files />
      <Classes />
    </Module>
    <Module skippedDueTo="Filter" hash="6D-5A-04-73-28-C9-26-1C-E8-75-84-50-BF-FF-76-AC-5A-9E-28-48">
      <ModulePath>C:\Program Files\dotnet\shared\Microsoft.NETCore.App\2.0.0\System.Runtime.InteropServices.RuntimeInformation.dll</ModulePath>
      <ModuleTime>2017-07-20T10:52:08Z</ModuleTime>
      <ModuleName>System.Runtime.InteropServices.RuntimeInformation</ModuleName>
      <Files />
      <Classes />
    </Module>
    <Module skippedDueTo="Filter" hash="2E-3F-98-9F-F8-96-78-BA-71-3A-6A-0C-9C-B3-D0-39-1E-46-25-10">
      <ModulePath>C:\Program Files\dotnet\shared\Microsoft.NETCore.App\2.0.0\System.Text.RegularExpressions.dll</ModulePath>
      <ModuleTime>2017-07-20T10:52:08Z</ModuleTime>
      <ModuleName>System.Text.RegularExpressions</ModuleName>
      <Files />
      <Classes />
    </Module>
    <Module skippedDueTo="Filter" hash="89-70-E9-C9-2D-15-5F-35-A4-A6-47-48-86-2C-E8-14-EC-34-B9-9F">
      <ModulePath>C:\Program Files\dotnet\shared\Microsoft.NETCore.App\2.0.0\System.IO.FileSystem.dll</ModulePath>
      <ModuleTime>2017-07-20T10:52:06Z</ModuleTime>
      <ModuleName>System.IO.FileSystem</ModuleName>
      <Files />
      <Classes />
    </Module>
    <Module skippedDueTo="Filter" hash="F6-9B-26-AA-03-02-E2-D8-6A-A8-43-4E-56-E5-60-DE-59-F9-52-D2">
      <ModulePath>C:\Program Files\dotnet\shared\Microsoft.NETCore.App\2.0.0\System.Collections.dll</ModulePath>
      <ModuleTime>2017-07-20T10:52:06Z</ModuleTime>
      <ModuleName>System.Collections</ModuleName>
      <Files />
      <Classes />
    </Module>
    <Module skippedDueTo="Filter" hash="C9-76-59-7E-4F-55-2C-7F-D7-4D-12-64-B0-AD-A3-21-9B-EA-90-B3">
      <ModulePath>C:\Program Files\dotnet\sdk\2.0.0\Microsoft.Build.Framework.dll</ModulePath>
      <ModuleTime>2017-08-03T07:08:10Z</ModuleTime>
      <ModuleName>Microsoft.Build.Framework</ModuleName>
      <Files />
      <Classes />
    </Module>
    <Module skippedDueTo="Filter" hash="4B-B8-F7-36-81-46-46-AC-52-E9-F6-F0-10-B0-D4-A7-39-49-E6-A5">
      <ModulePath>C:\Program Files\dotnet\shared\Microsoft.NETCore.App\2.0.0\System.Console.dll</ModulePath>
      <ModuleTime>2017-07-20T10:52:06Z</ModuleTime>
      <ModuleName>System.Console</ModuleName>
      <Files />
      <Classes />
    </Module>
    <Module skippedDueTo="Filter" hash="5E-96-DB-E2-7C-19-54-CE-21-6C-89-F7-91-DE-7E-4F-B0-9A-C3-7B">
      <ModulePath>C:\Program Files\dotnet\sdk\2.0.0\runtimes\win\lib\netstandard1.3\System.Text.Encoding.CodePages.dll</ModulePath>
      <ModuleTime>2017-08-03T07:08:16Z</ModuleTime>
      <ModuleName>System.Text.Encoding.CodePages</ModuleName>
      <Files />
      <Classes />
    </Module>
    <Module skippedDueTo="Filter" hash="71-55-8B-F9-57-BC-B0-34-9A-F8-A2-C8-58-A4-C7-74-EC-A4-CD-9C">
      <ModulePath>C:\Program Files\dotnet\shared\Microsoft.NETCore.App\2.0.0\System.Text.Encoding.dll</ModulePath>
      <ModuleTime>2017-07-20T10:52:08Z</ModuleTime>
      <ModuleName>System.Text.Encoding</ModuleName>
      <Files />
      <Classes />
    </Module>
    <Module skippedDueTo="Filter" hash="E6-69-68-08-E2-62-0F-85-F0-BE-8F-4D-51-D1-88-8E-81-FD-73-0B">
      <ModulePath>C:\Program Files\dotnet\shared\Microsoft.NETCore.App\2.0.0\System.Globalization.dll</ModulePath>
      <ModuleTime>2017-07-20T10:52:06Z</ModuleTime>
      <ModuleName>System.Globalization</ModuleName>
      <Files />
      <Classes />
    </Module>
    <Module skippedDueTo="Filter" hash="F8-24-2A-D0-99-27-C4-39-4E-D4-08-CA-94-E5-59-FD-1F-DE-7E-3F">
      <ModulePath>C:\Program Files\dotnet\sdk\2.0.0\Microsoft.Build.dll</ModulePath>
      <ModuleTime>2017-08-03T07:08:12Z</ModuleTime>
      <ModuleName>Microsoft.Build</ModuleName>
      <Files />
      <Classes />
    </Module>
    <Module skippedDueTo="Filter" hash="8B-99-E8-F0-CD-95-95-B0-68-10-D4-3A-CB-A1-0A-BE-38-66-BE-13">
      <ModulePath>C:\Program Files\dotnet\shared\Microsoft.NETCore.App\2.0.0\System.Collections.Concurrent.dll</ModulePath>
      <ModuleTime>2017-07-20T10:52:06Z</ModuleTime>
      <ModuleName>System.Collections.Concurrent</ModuleName>
      <Files />
      <Classes />
    </Module>
    <Module skippedDueTo="Filter" hash="8D-DD-AE-8D-3E-36-05-88-86-F1-A0-DF-F4-81-14-CB-67-DC-DF-1A">
      <ModulePath>C:\Program Files\dotnet\sdk\2.0.0\dotnet.dll</ModulePath>
      <ModuleTime>2017-08-03T07:08:10Z</ModuleTime>
      <ModuleName>dotnet</ModuleName>
      <Files />
      <Classes />
    </Module>
    <Module skippedDueTo="Filter" hash="E3-81-62-71-AF-62-BF-D6-2E-93-05-8A-3E-99-BB-FB-36-5D-96-70">
      <ModulePath>C:\Program Files\dotnet\sdk\2.0.0\Microsoft.Build.Utilities.Core.dll</ModulePath>
      <ModuleTime>2017-08-03T07:08:12Z</ModuleTime>
      <ModuleName>Microsoft.Build.Utilities.Core</ModuleName>
      <Files />
      <Classes />
    </Module>
    <Module skippedDueTo="Filter" hash="9C-5E-06-F4-40-59-52-D1-C2-BB-AD-8B-A2-71-FE-00-29-91-FB-22">
      <ModulePath>C:\Program Files\dotnet\sdk\2.0.0\Microsoft.DotNet.Tools.MigrateCommand.dll</ModulePath>
      <ModuleTime>2017-08-03T07:08:12Z</ModuleTime>
      <ModuleName>Microsoft.DotNet.Tools.MigrateCommand</ModuleName>
      <Files />
      <Classes />
    </Module>
    <Module skippedDueTo="Filter" hash="2F-A2-C3-6C-F6-A3-2A-6E-53-71-40-01-62-37-30-49-FA-DF-7C-A9">
      <ModulePath>C:\Program Files\dotnet\sdk\2.0.0\Microsoft.DotNet.Cli.Utils.dll</ModulePath>
      <ModuleTime>2017-08-03T07:08:12Z</ModuleTime>
      <ModuleName>Microsoft.DotNet.Cli.Utils</ModuleName>
      <Files />
      <Classes />
    </Module>
    <Module skippedDueTo="Filter" hash="61-6F-28-76-46-18-91-8F-1F-DF-4A-71-89-22-3D-AD-27-58-DF-F4">
      <ModulePath>C:\Program Files\dotnet\sdk\2.0.0\NuGet.Frameworks.dll</ModulePath>
      <ModuleTime>2017-08-03T07:08:14Z</ModuleTime>
      <ModuleName>NuGet.Frameworks</ModuleName>
      <Files />
      <Classes />
    </Module>
    <Module skippedDueTo="Filter" hash="45-E9-3D-14-67-92-EB-4A-1C-CC-E2-01-D2-6C-A1-29-4A-C8-C1-1E">
      <ModulePath>C:\Program Files\dotnet\shared\Microsoft.NETCore.App\2.0.0\System.Reflection.Extensions.dll</ModulePath>
      <ModuleTime>2017-07-20T10:52:08Z</ModuleTime>
      <ModuleName>System.Reflection.Extensions</ModuleName>
      <Files />
      <Classes />
    </Module>
    <Module skippedDueTo="Filter" hash="2E-35-22-68-5A-D9-36-15-EC-F3-74-A3-8F-CF-4A-C8-78-CE-3D-CC">
      <ModulePath>C:\Program Files\dotnet\sdk\2.0.0\Microsoft.DotNet.Configurer.dll</ModulePath>
      <ModuleTime>2017-08-03T07:08:12Z</ModuleTime>
      <ModuleName>Microsoft.DotNet.Configurer</ModuleName>
      <Files />
      <Classes />
    </Module>
    <Module skippedDueTo="Filter" hash="EC-0B-8B-39-3F-4D-BE-88-95-7B-93-F6-A4-A9-66-41-9E-C9-48-9B">
      <ModulePath>C:\Program Files\dotnet\sdk\2.0.0\Microsoft.DotNet.InternalAbstractions.dll</ModulePath>
      <ModuleTime>2017-08-03T07:08:12Z</ModuleTime>
      <ModuleName>Microsoft.DotNet.InternalAbstractions</ModuleName>
      <Files />
      <Classes />
    </Module>
    <Module skippedDueTo="Filter" hash="2A-C9-25-F3-D5-15-6C-B1-09-A6-1F-DA-0F-51-0B-96-DE-24-F6-E0">
      <ModulePath>C:\Program Files\dotnet\shared\Microsoft.NETCore.App\2.0.0\System.IO.FileSystem.Primitives.dll</ModulePath>
      <ModuleTime>2017-07-20T10:52:06Z</ModuleTime>
      <ModuleName>System.IO.FileSystem.Primitives</ModuleName>
      <Files />
      <Classes />
    </Module>
    <Module skippedDueTo="Filter" hash="2D-70-CB-62-DA-FC-A2-6C-E4-9F-F1-DB-4C-3B-9A-34-20-80-E4-06">
      <ModulePath>C:\Program Files\dotnet\shared\Microsoft.NETCore.App\2.0.0\System.IO.dll</ModulePath>
      <ModuleTime>2017-07-20T10:52:06Z</ModuleTime>
      <ModuleName>System.IO</ModuleName>
      <Files />
      <Classes />
    </Module>
    <Module skippedDueTo="Filter" hash="FB-85-16-BA-B9-27-D4-54-BE-3D-21-48-B1-DC-3D-6E-22-5E-D1-D6">
      <ModulePath>C:\Program Files\dotnet\sdk\2.0.0\Microsoft.ApplicationInsights.dll</ModulePath>
      <ModuleTime>2017-08-03T07:08:10Z</ModuleTime>
      <ModuleName>Microsoft.ApplicationInsights</ModuleName>
      <Files />
      <Classes />
    </Module>
    <Module skippedDueTo="Filter" hash="B8-E0-1C-46-05-EF-1C-0F-0F-1D-3C-D4-89-4D-08-3A-89-36-F3-E5">
      <ModulePath>C:\Program Files\dotnet\shared\Microsoft.NETCore.App\2.0.0\System.Xml.XDocument.dll</ModulePath>
      <ModuleTime>2017-07-20T10:52:08Z</ModuleTime>
      <ModuleName>System.Xml.XDocument</ModuleName>
      <Files />
      <Classes />
    </Module>
    <Module skippedDueTo="Filter" hash="DD-F6-D3-A5-01-A8-F6-AC-1B-A1-E9-B5-7C-53-43-D4-64-1C-30-53">
      <ModulePath>C:\Program Files\dotnet\shared\Microsoft.NETCore.App\2.0.0\System.Private.Xml.Linq.dll</ModulePath>
      <ModuleTime>2017-07-20T10:52:08Z</ModuleTime>
      <ModuleName>System.Private.Xml.Linq</ModuleName>
      <Files />
      <Classes />
    </Module>
    <Module skippedDueTo="Filter" hash="76-A3-0C-AD-28-11-DC-81-BA-2D-4B-C3-06-E4-74-7F-83-3A-B3-DF">
      <ModulePath>C:\Program Files\dotnet\shared\Microsoft.NETCore.App\2.0.0\System.Runtime.Handles.dll</ModulePath>
      <ModuleTime>2017-07-20T10:52:08Z</ModuleTime>
      <ModuleName>System.Runtime.Handles</ModuleName>
      <Files />
      <Classes />
    </Module>
    <Module skippedDueTo="Filter" hash="A0-2C-E4-67-65-31-2F-52-34-BE-1B-B5-8E-F0-03-96-33-5C-4A-E3">
      <ModulePath>C:\Program Files\dotnet\shared\Microsoft.NETCore.App\2.0.0\System.Diagnostics.Tracing.dll</ModulePath>
      <ModuleTime>2017-07-20T10:52:06Z</ModuleTime>
      <ModuleName>System.Diagnostics.Tracing</ModuleName>
      <Files />
      <Classes />
    </Module>
    <Module skippedDueTo="Filter" hash="EF-01-0C-C7-04-7B-55-8E-E4-3A-33-93-09-C2-FB-42-94-A0-43-B7">
      <ModulePath>C:\Program Files\dotnet\shared\Microsoft.NETCore.App\2.0.0\System.Threading.Tasks.dll</ModulePath>
      <ModuleTime>2017-07-20T10:52:08Z</ModuleTime>
      <ModuleName>System.Threading.Tasks</ModuleName>
      <Files />
      <Classes />
    </Module>
    <Module skippedDueTo="Filter" hash="FA-2B-87-A5-50-E5-4F-A1-C0-7E-53-1F-0B-F1-52-F1-E9-38-1F-38">
      <ModulePath>C:\Program Files\dotnet\shared\Microsoft.NETCore.App\2.0.0\System.Private.Uri.dll</ModulePath>
      <ModuleTime>2017-07-20T10:52:08Z</ModuleTime>
      <ModuleName>System.Private.Uri</ModuleName>
      <Files />
      <Classes />
    </Module>
    <Module skippedDueTo="Filter" hash="DF-1D-D6-51-B7-A1-8A-53-06-A0-34-64-B1-6C-11-1E-7F-0F-CE-94">
      <ModulePath>C:\Program Files\dotnet\shared\Microsoft.NETCore.App\2.0.0\System.Threading.Tasks.Dataflow.dll</ModulePath>
      <ModuleTime>2017-07-20T10:52:08Z</ModuleTime>
      <ModuleName>System.Threading.Tasks.Dataflow</ModuleName>
      <Files />
      <Classes />
    </Module>
    <Module skippedDueTo="Filter" hash="26-B6-2A-48-3A-C2-D7-FF-90-A6-A4-40-4C-01-ED-9D-D5-81-FF-AF">
      <ModulePath>C:\Program Files\dotnet\sdk\2.0.0\Microsoft.DotNet.PlatformAbstractions.dll</ModulePath>
      <ModuleTime>2017-08-03T07:08:12Z</ModuleTime>
      <ModuleName>Microsoft.DotNet.PlatformAbstractions</ModuleName>
      <Files />
      <Classes />
    </Module>
    <Module skippedDueTo="Filter" hash="C9-03-33-2D-B2-3B-A1-8A-2F-95-2B-0B-9D-A7-9A-D1-0D-9E-03-C3">
      <ModulePath>C:\Program Files\dotnet\shared\Microsoft.NETCore.App\2.0.0\netstandard.dll</ModulePath>
      <ModuleTime>2017-07-20T10:52:08Z</ModuleTime>
      <ModuleName>netstandard</ModuleName>
      <Files />
      <Classes />
    </Module>
    <Module skippedDueTo="Filter" hash="1D-2D-98-E4-A2-F2-43-8E-21-6C-72-DF-A8-3D-26-3C-24-D6-D9-12">
      <ModulePath>C:\Program Files\dotnet\shared\Microsoft.NETCore.App\2.0.0\System.Security.Cryptography.Algorithms.dll</ModulePath>
      <ModuleTime>2017-07-20T10:52:08Z</ModuleTime>
      <ModuleName>System.Security.Cryptography.Algorithms</ModuleName>
      <Files />
      <Classes />
    </Module>
    <Module skippedDueTo="Filter" hash="3E-2C-80-45-4B-5B-8B-5F-09-84-82-17-AA-7B-43-BF-3F-43-55-D2">
      <ModulePath>C:\Program Files\dotnet\shared\Microsoft.NETCore.App\2.0.0\System.Resources.ResourceManager.dll</ModulePath>
      <ModuleTime>2017-07-20T10:52:08Z</ModuleTime>
      <ModuleName>System.Resources.ResourceManager</ModuleName>
      <Files />
      <Classes />
    </Module>
    <Module skippedDueTo="Filter" hash="C9-B1-4A-54-97-4E-1E-D7-82-8B-E9-17-E9-56-A6-83-32-BF-A1-41">
      <ModulePath>C:\Program Files\dotnet\shared\Microsoft.NETCore.App\2.0.0\System.Security.Cryptography.Primitives.dll</ModulePath>
      <ModuleTime>2017-07-20T10:52:08Z</ModuleTime>
      <ModuleName>System.Security.Cryptography.Primitives</ModuleName>
      <Files />
      <Classes />
    </Module>
    <Module skippedDueTo="Filter" hash="D5-25-59-4D-0F-50-A0-85-00-7F-EB-E1-0B-BD-B5-82-30-09-75-C8">
      <ModulePath>C:\Program Files\dotnet\shared\Microsoft.NETCore.App\2.0.0\System.ObjectModel.dll</ModulePath>
      <ModuleTime>2017-07-20T10:52:08Z</ModuleTime>
      <ModuleName>System.ObjectModel</ModuleName>
      <Files />
      <Classes />
    </Module>
    <Module skippedDueTo="Filter" hash="92-A1-00-E7-E2-BF-4D-F7-95-CB-46-C2-DF-CC-15-61-47-27-B2-9F">
      <ModulePath>C:\Program Files\dotnet\shared\Microsoft.NETCore.App\2.0.0\System.Threading.Thread.dll</ModulePath>
      <ModuleTime>2017-07-20T10:52:08Z</ModuleTime>
      <ModuleName>System.Threading.Thread</ModuleName>
      <Files />
      <Classes />
    </Module>
    <Module skippedDueTo="Filter" hash="7C-EB-99-71-08-B5-1F-60-CA-48-72-95-5E-DE-E2-5B-79-99-49-4F">
      <ModulePath>C:\Program Files\dotnet\shared\Microsoft.NETCore.App\2.0.0\System.Xml.ReaderWriter.dll</ModulePath>
      <ModuleTime>2017-07-20T10:52:08Z</ModuleTime>
      <ModuleName>System.Xml.ReaderWriter</ModuleName>
      <Files />
      <Classes />
    </Module>
    <Module skippedDueTo="Filter" hash="92-AC-DA-99-81-1A-EB-3D-7D-F3-46-72-13-0A-D3-C6-8A-70-DB-4C">
      <ModulePath>C:\Program Files\dotnet\shared\Microsoft.NETCore.App\2.0.0\System.Private.Xml.dll</ModulePath>
      <ModuleTime>2017-07-20T10:52:08Z</ModuleTime>
      <ModuleName>System.Private.Xml</ModuleName>
      <Files />
      <Classes />
    </Module>
    <Module skippedDueTo="Filter" hash="D3-F6-1A-F1-57-F1-04-F9-6E-11-BB-94-3E-86-F5-C3-6D-06-04-E2">
      <ModulePath>C:\Program Files\dotnet\shared\Microsoft.NETCore.App\2.0.0\System.Text.Encoding.Extensions.dll</ModulePath>
      <ModuleTime>2017-07-20T10:52:08Z</ModuleTime>
      <ModuleName>System.Text.Encoding.Extensions</ModuleName>
      <Files />
      <Classes />
    </Module>
    <Module skippedDueTo="Filter" hash="CF-8A-90-C4-AB-10-6A-59-C0-1A-9A-F8-B0-C9-E3-7D-B3-7F-76-A4">
      <ModulePath>C:\Program Files\dotnet\shared\Microsoft.NETCore.App\2.0.0\System.Xml.XmlDocument.dll</ModulePath>
      <ModuleTime>2017-07-20T10:52:08Z</ModuleTime>
      <ModuleName>System.Xml.XmlDocument</ModuleName>
      <Files />
      <Classes />
    </Module>
    <Module skippedDueTo="Filter" hash="1A-66-09-E2-D5-E4-83-D8-7E-2A-93-BE-1A-5C-12-EF-04-A0-6A-AE">
      <ModulePath>C:\Program Files\dotnet\shared\Microsoft.NETCore.App\2.0.0\System.Diagnostics.FileVersionInfo.dll</ModulePath>
      <ModuleTime>2017-07-20T10:52:06Z</ModuleTime>
      <ModuleName>System.Diagnostics.FileVersionInfo</ModuleName>
      <Files />
      <Classes />
    </Module>
    <Module skippedDueTo="Filter" hash="52-C8-E5-3A-B2-32-4A-17-18-33-8B-13-C2-3A-53-6D-EC-77-D9-9A">
      <ModulePath>C:\Program Files\dotnet\shared\Microsoft.NETCore.App\2.0.0\System.Reflection.Primitives.dll</ModulePath>
      <ModuleTime>2017-07-20T10:52:08Z</ModuleTime>
      <ModuleName>System.Reflection.Primitives</ModuleName>
      <Files />
      <Classes />
    </Module>
    <Module skippedDueTo="Filter" hash="B1-F6-FE-F4-3D-92-32-23-15-F5-F7-C9-04-1B-F8-AD-AF-D2-E4-C6">
      <ModulePath>C:\Program Files\dotnet\shared\Microsoft.NETCore.App\2.0.0\System.Collections.Immutable.dll</ModulePath>
      <ModuleTime>2017-07-20T10:52:06Z</ModuleTime>
      <ModuleName>System.Collections.Immutable</ModuleName>
      <Files />
      <Classes />
    </Module>
    <Module skippedDueTo="Filter" hash="45-27-D9-F1-DC-D9-48-5D-C7-D5-DC-7B-D0-B9-B3-2F-73-05-3B-AE">
      <ModulePath>C:\Program Files\dotnet\sdk\2.0.0\Microsoft.Build.Tasks.Core.dll</ModulePath>
      <ModuleTime>2017-08-03T07:08:12Z</ModuleTime>
      <ModuleName>Microsoft.Build.Tasks.Core</ModuleName>
      <Files />
      <Classes />
    </Module>
    <Module skippedDueTo="Filter" hash="50-B7-0E-CE-03-26-1D-99-C0-19-0F-7E-AB-AB-7A-52-3C-23-2D-95">
      <ModulePath>C:\Program Files\dotnet\shared\Microsoft.NETCore.App\2.0.0\System.Threading.ThreadPool.dll</ModulePath>
      <ModuleTime>2017-07-20T10:52:08Z</ModuleTime>
      <ModuleName>System.Threading.ThreadPool</ModuleName>
      <Files />
      <Classes />
    </Module>
    <Module skippedDueTo="Filter" hash="38-0C-95-8C-CC-CF-DC-35-D0-39-2C-96-D2-95-FB-12-ED-E1-F3-47">
      <ModulePath>C:\Program Files\dotnet\sdk\2.0.0\NuGet.Build.Tasks.dll</ModulePath>
      <ModuleTime>2017-08-03T07:08:14Z</ModuleTime>
      <ModuleName>NuGet.Build.Tasks</ModuleName>
      <Files />
      <Classes />
    </Module>
    <Module skippedDueTo="Filter" hash="D6-2A-B9-79-82-73-DA-8F-CF-EB-74-06-BF-51-C2-2E-E3-9E-40-13">
      <ModulePath>C:\Program Files\dotnet\sdk\2.0.0\NuGet.Commands.dll</ModulePath>
      <ModuleTime>2017-08-03T07:08:14Z</ModuleTime>
      <ModuleName>NuGet.Commands</ModuleName>
      <Files />
      <Classes />
    </Module>
    <Module skippedDueTo="Filter" hash="42-EF-DB-53-B2-A2-29-DF-FE-89-B4-25-36-E6-70-A0-D9-CF-30-6D">
      <ModulePath>C:\Program Files\dotnet\sdk\2.0.0\NuGet.Common.dll</ModulePath>
      <ModuleTime>2017-08-03T07:08:14Z</ModuleTime>
      <ModuleName>NuGet.Common</ModuleName>
      <Files />
      <Classes />
    </Module>
    <Module skippedDueTo="Filter" hash="41-F8-31-7B-7E-F3-AA-CA-4A-47-EA-DA-69-B0-C3-82-F9-10-35-0B">
      <ModulePath>C:\Program Files\dotnet\sdk\2.0.0\NuGet.Configuration.dll</ModulePath>
      <ModuleTime>2017-08-03T07:08:14Z</ModuleTime>
      <ModuleName>NuGet.Configuration</ModuleName>
      <Files />
      <Classes />
    </Module>
    <Module skippedDueTo="Filter" hash="34-20-29-0F-12-7C-51-21-36-C6-7F-67-06-6A-AA-5A-34-0A-68-7C">
      <ModulePath>C:\Program Files\dotnet\sdk\2.0.0\NuGet.ProjectModel.dll</ModulePath>
      <ModuleTime>2017-08-03T07:08:14Z</ModuleTime>
      <ModuleName>NuGet.ProjectModel</ModuleName>
      <Files />
      <Classes />
    </Module>
    <Module skippedDueTo="Filter" hash="01-7C-FF-CC-31-09-CB-75-72-9E-FD-1B-F2-5F-ED-97-B5-6D-68-A6">
      <ModulePath>C:\Program Files\dotnet\sdk\2.0.0\NuGet.Versioning.dll</ModulePath>
      <ModuleTime>2017-08-03T07:08:14Z</ModuleTime>
      <ModuleName>NuGet.Versioning</ModuleName>
      <Files />
      <Classes />
    </Module>
    <Module skippedDueTo="Filter" hash="8B-01-D3-BC-A7-15-F1-CD-2C-C1-C7-19-DF-DE-A6-F1-43-F9-AB-63">
      <ModulePath>C:\Program Files\dotnet\sdk\2.0.0\NuGet.Protocol.dll</ModulePath>
      <ModuleTime>2017-08-03T07:08:14Z</ModuleTime>
      <ModuleName>NuGet.Protocol</ModuleName>
      <Files />
      <Classes />
    </Module>
    <Module skippedDueTo="Filter" hash="E2-8A-C3-6A-5D-6A-04-06-5B-99-36-2C-F0-F7-03-5E-9C-25-4F-71">
      <ModulePath>C:\Program Files\dotnet\sdk\2.0.0\NuGet.Packaging.dll</ModulePath>
      <ModuleTime>2017-08-03T07:08:14Z</ModuleTime>
      <ModuleName>NuGet.Packaging</ModuleName>
      <Files />
      <Classes />
    </Module>
    <Module skippedDueTo="Filter" hash="E0-FB-3C-16-E4-5C-2A-9F-8D-2F-3F-85-EC-EF-CD-D6-76-25-64-D4">
      <ModulePath>C:\Program Files\dotnet\sdk\2.0.0\NuGet.DependencyResolver.Core.dll</ModulePath>
      <ModuleTime>2017-08-03T07:08:14Z</ModuleTime>
      <ModuleName>NuGet.DependencyResolver.Core</ModuleName>
      <Files />
      <Classes />
    </Module>
    <Module skippedDueTo="Filter" hash="ED-46-3A-5F-F7-9C-67-C7-90-67-C9-D6-B9-9B-EC-00-E8-1F-73-D6">
      <ModulePath>C:\Program Files\dotnet\sdk\2.0.0\Newtonsoft.Json.dll</ModulePath>
      <ModuleTime>2017-08-03T07:02:18Z</ModuleTime>
      <ModuleName>Newtonsoft.Json</ModuleName>
      <Files />
      <Classes />
    </Module>
    <Module skippedDueTo="Filter" hash="7A-DB-D3-5C-EB-1E-6E-FF-8F-C6-E5-82-86-2B-77-2E-B1-DE-36-21">
      <ModulePath>C:\Program Files\dotnet\shared\Microsoft.NETCore.App\2.0.0\System.Dynamic.Runtime.dll</ModulePath>
      <ModuleTime>2017-07-20T10:52:06Z</ModuleTime>
      <ModuleName>System.Dynamic.Runtime</ModuleName>
      <Files />
      <Classes />
    </Module>
    <Module skippedDueTo="Filter" hash="83-02-2F-5B-C7-1D-94-96-BC-75-A7-ED-DA-57-BA-A5-FB-E7-6F-1B">
      <ModulePath>C:\Program Files\dotnet\shared\Microsoft.NETCore.App\2.0.0\System.Linq.Expressions.dll</ModulePath>
      <ModuleTime>2017-07-20T10:52:06Z</ModuleTime>
      <ModuleName>System.Linq.Expressions</ModuleName>
      <Files />
      <Classes />
    </Module>
    <Module skippedDueTo="Filter" hash="A5-FE-BE-35-DD-6B-D4-01-E6-C1-24-58-7F-38-5C-DF-08-50-E8-6B">
      <ModulePath>C:\Program Files\dotnet\sdk\2.0.0\NuGet.LibraryModel.dll</ModulePath>
      <ModuleTime>2017-08-03T07:08:14Z</ModuleTime>
      <ModuleName>NuGet.LibraryModel</ModuleName>
      <Files />
      <Classes />
    </Module>
    <Module skippedDueTo="Filter" hash="EE-6C-FA-0A-6A-DC-CC-D0-7C-47-80-2F-52-03-C1-43-5F-B6-4D-21">
      <ModulePath>C:\Program Files\dotnet\sdk\2.0.0\NuGet.Packaging.Core.dll</ModulePath>
      <ModuleTime>2017-08-03T07:08:14Z</ModuleTime>
      <ModuleName>NuGet.Packaging.Core</ModuleName>
      <Files />
      <Classes />
    </Module>
    <Module skippedDueTo="Filter" hash="2F-88-A9-BB-B6-16-36-10-AC-73-83-54-44-F5-17-12-E0-9F-03-28">
      <ModulePath>C:\Program Files\dotnet\shared\Microsoft.NETCore.App\2.0.0\System.Private.CoreLib.dll</ModulePath>
      <ModuleTime>2017-07-20T10:52:08Z</ModuleTime>
      <ModuleName>System.Private.CoreLib</ModuleName>
      <Files />
      <Classes />
    </Module>
    <Module skippedDueTo="Filter" hash="C2-7C-25-2E-25-69-A6-E0-6B-01-C4-3A-7D-43-93-42-F3-12-F9-09">
      <ModulePath>C:\Program Files\dotnet\sdk\2.0.0\MSBuild.dll</ModulePath>
      <ModuleTime>2017-08-03T07:08:14Z</ModuleTime>
      <ModuleName>MSBuild</ModuleName>
      <Files />
      <Classes />
    </Module>
    <Module skippedDueTo="Filter" hash="B1-9D-98-DD-3C-A1-89-69-AC-7E-F1-16-E9-88-3F-F4-4C-77-AB-38">
      <ModulePath>C:\Program Files\dotnet\shared\Microsoft.NETCore.App\2.0.0\System.Runtime.dll</ModulePath>
      <ModuleTime>2017-07-20T10:52:08Z</ModuleTime>
      <ModuleName>System.Runtime</ModuleName>
      <Files />
      <Classes />
    </Module>
    <Module skippedDueTo="Filter" hash="EB-18-C3-43-11-91-EB-51-F0-4E-50-91-DE-EC-A3-6F-E7-CE-D9-3E">
      <ModulePath>C:\Program Files\dotnet\shared\Microsoft.NETCore.App\2.0.0\System.Threading.dll</ModulePath>
      <ModuleTime>2017-07-20T10:52:08Z</ModuleTime>
      <ModuleName>System.Threading</ModuleName>
      <Files />
      <Classes />
    </Module>
    <Module skippedDueTo="Filter" hash="24-D5-33-36-52-51-67-A0-24-3D-22-95-32-23-DA-6D-B4-16-CD-CB">
      <ModulePath>C:\Program Files\dotnet\shared\Microsoft.NETCore.App\2.0.0\System.Reflection.dll</ModulePath>
      <ModuleTime>2017-07-20T10:52:08Z</ModuleTime>
      <ModuleName>System.Reflection</ModuleName>
      <Files />
      <Classes />
    </Module>
    <Module skippedDueTo="Filter" hash="4A-A3-9A-94-A3-C6-3B-8F-C1-2F-D9-CC-68-D2-E4-8C-AE-50-F4-F1">
      <ModulePath>C:\Program Files\dotnet\shared\Microsoft.NETCore.App\2.0.0\System.Reflection.TypeExtensions.dll</ModulePath>
      <ModuleTime>2017-07-20T10:52:08Z</ModuleTime>
      <ModuleName>System.Reflection.TypeExtensions</ModuleName>
      <Files />
      <Classes />
    </Module>
    <Module skippedDueTo="Filter" hash="3C-7A-96-F0-F0-0A-AB-CF-4A-F1-7F-84-AD-D1-CC-8A-89-FB-43-30">
      <ModulePath>C:\Program Files\dotnet\shared\Microsoft.NETCore.App\2.0.0\System.Runtime.Extensions.dll</ModulePath>
      <ModuleTime>2017-07-20T10:52:08Z</ModuleTime>
      <ModuleName>System.Runtime.Extensions</ModuleName>
      <Files />
      <Classes />
    </Module>
    <Module skippedDueTo="Filter" hash="F7-D7-B4-FC-2C-07-D8-B3-03-0A-2D-EC-2B-24-59-88-4D-A8-9D-6B">
      <ModulePath>C:\Program Files\dotnet\shared\Microsoft.NETCore.App\2.0.0\System.Diagnostics.Process.dll</ModulePath>
      <ModuleTime>2017-07-20T10:52:06Z</ModuleTime>
      <ModuleName>System.Diagnostics.Process</ModuleName>
      <Files />
      <Classes />
    </Module>
    <Module skippedDueTo="Filter" hash="86-5B-86-E2-06-81-2C-73-3B-6D-BC-9C-E7-90-26-27-45-9D-47-99">
      <ModulePath>C:\Program Files\dotnet\shared\Microsoft.NETCore.App\2.0.0\System.ComponentModel.Primitives.dll</ModulePath>
      <ModuleTime>2017-07-20T10:52:06Z</ModuleTime>
      <ModuleName>System.ComponentModel.Primitives</ModuleName>
      <Files />
      <Classes />
    </Module>
    <Module skippedDueTo="Filter" hash="42-05-10-61-0A-00-05-FA-1F-EB-04-C9-F9-DD-2C-D4-89-87-3F-B1">
      <ModulePath>C:\Program Files\dotnet\shared\Microsoft.NETCore.App\2.0.0\System.Runtime.InteropServices.dll</ModulePath>
      <ModuleTime>2017-07-20T10:52:08Z</ModuleTime>
      <ModuleName>System.Runtime.InteropServices</ModuleName>
      <Files />
      <Classes />
    </Module>
    <Module skippedDueTo="Filter" hash="11-29-0C-F8-CE-73-3F-3E-06-AF-A0-16-05-96-4D-5A-A7-6A-DF-C2">
      <ModulePath>C:\Program Files\dotnet\shared\Microsoft.NETCore.App\2.0.0\System.Collections.NonGeneric.dll</ModulePath>
      <ModuleTime>2017-07-20T10:52:06Z</ModuleTime>
      <ModuleName>System.Collections.NonGeneric</ModuleName>
      <Files />
      <Classes />
    </Module>
    <Module skippedDueTo="Filter" hash="80-F3-31-87-AA-BE-F0-08-E2-C4-7C-2D-76-97-05-5F-96-6C-E3-CE">
      <ModulePath>C:\Program Files\dotnet\shared\Microsoft.NETCore.App\2.0.0\System.Linq.dll</ModulePath>
      <ModuleTime>2017-07-20T10:52:06Z</ModuleTime>
      <ModuleName>System.Linq</ModuleName>
      <Files />
      <Classes />
    </Module>
    <Module skippedDueTo="Filter" hash="6D-5A-04-73-28-C9-26-1C-E8-75-84-50-BF-FF-76-AC-5A-9E-28-48">
      <ModulePath>C:\Program Files\dotnet\shared\Microsoft.NETCore.App\2.0.0\System.Runtime.InteropServices.RuntimeInformation.dll</ModulePath>
      <ModuleTime>2017-07-20T10:52:08Z</ModuleTime>
      <ModuleName>System.Runtime.InteropServices.RuntimeInformation</ModuleName>
      <Files />
      <Classes />
    </Module>
    <Module skippedDueTo="Filter" hash="2E-3F-98-9F-F8-96-78-BA-71-3A-6A-0C-9C-B3-D0-39-1E-46-25-10">
      <ModulePath>C:\Program Files\dotnet\shared\Microsoft.NETCore.App\2.0.0\System.Text.RegularExpressions.dll</ModulePath>
      <ModuleTime>2017-07-20T10:52:08Z</ModuleTime>
      <ModuleName>System.Text.RegularExpressions</ModuleName>
      <Files />
      <Classes />
    </Module>
    <Module skippedDueTo="Filter" hash="89-70-E9-C9-2D-15-5F-35-A4-A6-47-48-86-2C-E8-14-EC-34-B9-9F">
      <ModulePath>C:\Program Files\dotnet\shared\Microsoft.NETCore.App\2.0.0\System.IO.FileSystem.dll</ModulePath>
      <ModuleTime>2017-07-20T10:52:06Z</ModuleTime>
      <ModuleName>System.IO.FileSystem</ModuleName>
      <Files />
      <Classes />
    </Module>
    <Module skippedDueTo="Filter" hash="F6-9B-26-AA-03-02-E2-D8-6A-A8-43-4E-56-E5-60-DE-59-F9-52-D2">
      <ModulePath>C:\Program Files\dotnet\shared\Microsoft.NETCore.App\2.0.0\System.Collections.dll</ModulePath>
      <ModuleTime>2017-07-20T10:52:06Z</ModuleTime>
      <ModuleName>System.Collections</ModuleName>
      <Files />
      <Classes />
    </Module>
    <Module skippedDueTo="Filter" hash="C9-76-59-7E-4F-55-2C-7F-D7-4D-12-64-B0-AD-A3-21-9B-EA-90-B3">
      <ModulePath>C:\Program Files\dotnet\sdk\2.0.0\Microsoft.Build.Framework.dll</ModulePath>
      <ModuleTime>2017-08-03T07:08:10Z</ModuleTime>
      <ModuleName>Microsoft.Build.Framework</ModuleName>
      <Files />
      <Classes />
    </Module>
    <Module skippedDueTo="Filter" hash="4B-B8-F7-36-81-46-46-AC-52-E9-F6-F0-10-B0-D4-A7-39-49-E6-A5">
      <ModulePath>C:\Program Files\dotnet\shared\Microsoft.NETCore.App\2.0.0\System.Console.dll</ModulePath>
      <ModuleTime>2017-07-20T10:52:06Z</ModuleTime>
      <ModuleName>System.Console</ModuleName>
      <Files />
      <Classes />
    </Module>
    <Module skippedDueTo="Filter" hash="5E-96-DB-E2-7C-19-54-CE-21-6C-89-F7-91-DE-7E-4F-B0-9A-C3-7B">
      <ModulePath>C:\Program Files\dotnet\sdk\2.0.0\runtimes\win\lib\netstandard1.3\System.Text.Encoding.CodePages.dll</ModulePath>
      <ModuleTime>2017-08-03T07:08:16Z</ModuleTime>
      <ModuleName>System.Text.Encoding.CodePages</ModuleName>
      <Files />
      <Classes />
    </Module>
    <Module skippedDueTo="Filter" hash="71-55-8B-F9-57-BC-B0-34-9A-F8-A2-C8-58-A4-C7-74-EC-A4-CD-9C">
      <ModulePath>C:\Program Files\dotnet\shared\Microsoft.NETCore.App\2.0.0\System.Text.Encoding.dll</ModulePath>
      <ModuleTime>2017-07-20T10:52:08Z</ModuleTime>
      <ModuleName>System.Text.Encoding</ModuleName>
      <Files />
      <Classes />
    </Module>
    <Module skippedDueTo="Filter" hash="E6-69-68-08-E2-62-0F-85-F0-BE-8F-4D-51-D1-88-8E-81-FD-73-0B">
      <ModulePath>C:\Program Files\dotnet\shared\Microsoft.NETCore.App\2.0.0\System.Globalization.dll</ModulePath>
      <ModuleTime>2017-07-20T10:52:06Z</ModuleTime>
      <ModuleName>System.Globalization</ModuleName>
      <Files />
      <Classes />
    </Module>
    <Module skippedDueTo="Filter" hash="F8-24-2A-D0-99-27-C4-39-4E-D4-08-CA-94-E5-59-FD-1F-DE-7E-3F">
      <ModulePath>C:\Program Files\dotnet\sdk\2.0.0\Microsoft.Build.dll</ModulePath>
      <ModuleTime>2017-08-03T07:08:12Z</ModuleTime>
      <ModuleName>Microsoft.Build</ModuleName>
      <Files />
      <Classes />
    </Module>
    <Module skippedDueTo="Filter" hash="8B-99-E8-F0-CD-95-95-B0-68-10-D4-3A-CB-A1-0A-BE-38-66-BE-13">
      <ModulePath>C:\Program Files\dotnet\shared\Microsoft.NETCore.App\2.0.0\System.Collections.Concurrent.dll</ModulePath>
      <ModuleTime>2017-07-20T10:52:06Z</ModuleTime>
      <ModuleName>System.Collections.Concurrent</ModuleName>
      <Files />
      <Classes />
    </Module>
    <Module skippedDueTo="Filter" hash="8D-DD-AE-8D-3E-36-05-88-86-F1-A0-DF-F4-81-14-CB-67-DC-DF-1A">
      <ModulePath>C:\Program Files\dotnet\sdk\2.0.0\dotnet.dll</ModulePath>
      <ModuleTime>2017-08-03T07:08:10Z</ModuleTime>
      <ModuleName>dotnet</ModuleName>
      <Files />
      <Classes />
    </Module>
    <Module skippedDueTo="Filter" hash="E3-81-62-71-AF-62-BF-D6-2E-93-05-8A-3E-99-BB-FB-36-5D-96-70">
      <ModulePath>C:\Program Files\dotnet\sdk\2.0.0\Microsoft.Build.Utilities.Core.dll</ModulePath>
      <ModuleTime>2017-08-03T07:08:12Z</ModuleTime>
      <ModuleName>Microsoft.Build.Utilities.Core</ModuleName>
      <Files />
      <Classes />
    </Module>
    <Module skippedDueTo="Filter" hash="9C-5E-06-F4-40-59-52-D1-C2-BB-AD-8B-A2-71-FE-00-29-91-FB-22">
      <ModulePath>C:\Program Files\dotnet\sdk\2.0.0\Microsoft.DotNet.Tools.MigrateCommand.dll</ModulePath>
      <ModuleTime>2017-08-03T07:08:12Z</ModuleTime>
      <ModuleName>Microsoft.DotNet.Tools.MigrateCommand</ModuleName>
      <Files />
      <Classes />
    </Module>
    <Module skippedDueTo="Filter" hash="2F-A2-C3-6C-F6-A3-2A-6E-53-71-40-01-62-37-30-49-FA-DF-7C-A9">
      <ModulePath>C:\Program Files\dotnet\sdk\2.0.0\Microsoft.DotNet.Cli.Utils.dll</ModulePath>
      <ModuleTime>2017-08-03T07:08:12Z</ModuleTime>
      <ModuleName>Microsoft.DotNet.Cli.Utils</ModuleName>
      <Files />
      <Classes />
    </Module>
    <Module skippedDueTo="Filter" hash="61-6F-28-76-46-18-91-8F-1F-DF-4A-71-89-22-3D-AD-27-58-DF-F4">
      <ModulePath>C:\Program Files\dotnet\sdk\2.0.0\NuGet.Frameworks.dll</ModulePath>
      <ModuleTime>2017-08-03T07:08:14Z</ModuleTime>
      <ModuleName>NuGet.Frameworks</ModuleName>
      <Files />
      <Classes />
    </Module>
    <Module skippedDueTo="Filter" hash="45-E9-3D-14-67-92-EB-4A-1C-CC-E2-01-D2-6C-A1-29-4A-C8-C1-1E">
      <ModulePath>C:\Program Files\dotnet\shared\Microsoft.NETCore.App\2.0.0\System.Reflection.Extensions.dll</ModulePath>
      <ModuleTime>2017-07-20T10:52:08Z</ModuleTime>
      <ModuleName>System.Reflection.Extensions</ModuleName>
      <Files />
      <Classes />
    </Module>
    <Module skippedDueTo="Filter" hash="2E-35-22-68-5A-D9-36-15-EC-F3-74-A3-8F-CF-4A-C8-78-CE-3D-CC">
      <ModulePath>C:\Program Files\dotnet\sdk\2.0.0\Microsoft.DotNet.Configurer.dll</ModulePath>
      <ModuleTime>2017-08-03T07:08:12Z</ModuleTime>
      <ModuleName>Microsoft.DotNet.Configurer</ModuleName>
      <Files />
      <Classes />
    </Module>
    <Module skippedDueTo="Filter" hash="EC-0B-8B-39-3F-4D-BE-88-95-7B-93-F6-A4-A9-66-41-9E-C9-48-9B">
      <ModulePath>C:\Program Files\dotnet\sdk\2.0.0\Microsoft.DotNet.InternalAbstractions.dll</ModulePath>
      <ModuleTime>2017-08-03T07:08:12Z</ModuleTime>
      <ModuleName>Microsoft.DotNet.InternalAbstractions</ModuleName>
      <Files />
      <Classes />
    </Module>
    <Module skippedDueTo="Filter" hash="2A-C9-25-F3-D5-15-6C-B1-09-A6-1F-DA-0F-51-0B-96-DE-24-F6-E0">
      <ModulePath>C:\Program Files\dotnet\shared\Microsoft.NETCore.App\2.0.0\System.IO.FileSystem.Primitives.dll</ModulePath>
      <ModuleTime>2017-07-20T10:52:06Z</ModuleTime>
      <ModuleName>System.IO.FileSystem.Primitives</ModuleName>
      <Files />
      <Classes />
    </Module>
    <Module skippedDueTo="Filter" hash="2D-70-CB-62-DA-FC-A2-6C-E4-9F-F1-DB-4C-3B-9A-34-20-80-E4-06">
      <ModulePath>C:\Program Files\dotnet\shared\Microsoft.NETCore.App\2.0.0\System.IO.dll</ModulePath>
      <ModuleTime>2017-07-20T10:52:06Z</ModuleTime>
      <ModuleName>System.IO</ModuleName>
      <Files />
      <Classes />
    </Module>
    <Module skippedDueTo="Filter" hash="FB-85-16-BA-B9-27-D4-54-BE-3D-21-48-B1-DC-3D-6E-22-5E-D1-D6">
      <ModulePath>C:\Program Files\dotnet\sdk\2.0.0\Microsoft.ApplicationInsights.dll</ModulePath>
      <ModuleTime>2017-08-03T07:08:10Z</ModuleTime>
      <ModuleName>Microsoft.ApplicationInsights</ModuleName>
      <Files />
      <Classes />
    </Module>
    <Module skippedDueTo="Filter" hash="B8-E0-1C-46-05-EF-1C-0F-0F-1D-3C-D4-89-4D-08-3A-89-36-F3-E5">
      <ModulePath>C:\Program Files\dotnet\shared\Microsoft.NETCore.App\2.0.0\System.Xml.XDocument.dll</ModulePath>
      <ModuleTime>2017-07-20T10:52:08Z</ModuleTime>
      <ModuleName>System.Xml.XDocument</ModuleName>
      <Files />
      <Classes />
    </Module>
    <Module skippedDueTo="Filter" hash="DD-F6-D3-A5-01-A8-F6-AC-1B-A1-E9-B5-7C-53-43-D4-64-1C-30-53">
      <ModulePath>C:\Program Files\dotnet\shared\Microsoft.NETCore.App\2.0.0\System.Private.Xml.Linq.dll</ModulePath>
      <ModuleTime>2017-07-20T10:52:08Z</ModuleTime>
      <ModuleName>System.Private.Xml.Linq</ModuleName>
      <Files />
      <Classes />
    </Module>
    <Module skippedDueTo="Filter" hash="76-A3-0C-AD-28-11-DC-81-BA-2D-4B-C3-06-E4-74-7F-83-3A-B3-DF">
      <ModulePath>C:\Program Files\dotnet\shared\Microsoft.NETCore.App\2.0.0\System.Runtime.Handles.dll</ModulePath>
      <ModuleTime>2017-07-20T10:52:08Z</ModuleTime>
      <ModuleName>System.Runtime.Handles</ModuleName>
      <Files />
      <Classes />
    </Module>
    <Module skippedDueTo="Filter" hash="A0-2C-E4-67-65-31-2F-52-34-BE-1B-B5-8E-F0-03-96-33-5C-4A-E3">
      <ModulePath>C:\Program Files\dotnet\shared\Microsoft.NETCore.App\2.0.0\System.Diagnostics.Tracing.dll</ModulePath>
      <ModuleTime>2017-07-20T10:52:06Z</ModuleTime>
      <ModuleName>System.Diagnostics.Tracing</ModuleName>
      <Files />
      <Classes />
    </Module>
    <Module skippedDueTo="Filter" hash="EF-01-0C-C7-04-7B-55-8E-E4-3A-33-93-09-C2-FB-42-94-A0-43-B7">
      <ModulePath>C:\Program Files\dotnet\shared\Microsoft.NETCore.App\2.0.0\System.Threading.Tasks.dll</ModulePath>
      <ModuleTime>2017-07-20T10:52:08Z</ModuleTime>
      <ModuleName>System.Threading.Tasks</ModuleName>
      <Files />
      <Classes />
    </Module>
    <Module skippedDueTo="Filter" hash="FA-2B-87-A5-50-E5-4F-A1-C0-7E-53-1F-0B-F1-52-F1-E9-38-1F-38">
      <ModulePath>C:\Program Files\dotnet\shared\Microsoft.NETCore.App\2.0.0\System.Private.Uri.dll</ModulePath>
      <ModuleTime>2017-07-20T10:52:08Z</ModuleTime>
      <ModuleName>System.Private.Uri</ModuleName>
      <Files />
      <Classes />
    </Module>
    <Module skippedDueTo="Filter" hash="DF-1D-D6-51-B7-A1-8A-53-06-A0-34-64-B1-6C-11-1E-7F-0F-CE-94">
      <ModulePath>C:\Program Files\dotnet\shared\Microsoft.NETCore.App\2.0.0\System.Threading.Tasks.Dataflow.dll</ModulePath>
      <ModuleTime>2017-07-20T10:52:08Z</ModuleTime>
      <ModuleName>System.Threading.Tasks.Dataflow</ModuleName>
      <Files />
      <Classes />
    </Module>
    <Module skippedDueTo="Filter" hash="26-B6-2A-48-3A-C2-D7-FF-90-A6-A4-40-4C-01-ED-9D-D5-81-FF-AF">
      <ModulePath>C:\Program Files\dotnet\sdk\2.0.0\Microsoft.DotNet.PlatformAbstractions.dll</ModulePath>
      <ModuleTime>2017-08-03T07:08:12Z</ModuleTime>
      <ModuleName>Microsoft.DotNet.PlatformAbstractions</ModuleName>
      <Files />
      <Classes />
    </Module>
    <Module skippedDueTo="Filter" hash="C9-03-33-2D-B2-3B-A1-8A-2F-95-2B-0B-9D-A7-9A-D1-0D-9E-03-C3">
      <ModulePath>C:\Program Files\dotnet\shared\Microsoft.NETCore.App\2.0.0\netstandard.dll</ModulePath>
      <ModuleTime>2017-07-20T10:52:08Z</ModuleTime>
      <ModuleName>netstandard</ModuleName>
      <Files />
      <Classes />
    </Module>
    <Module skippedDueTo="Filter" hash="1D-2D-98-E4-A2-F2-43-8E-21-6C-72-DF-A8-3D-26-3C-24-D6-D9-12">
      <ModulePath>C:\Program Files\dotnet\shared\Microsoft.NETCore.App\2.0.0\System.Security.Cryptography.Algorithms.dll</ModulePath>
      <ModuleTime>2017-07-20T10:52:08Z</ModuleTime>
      <ModuleName>System.Security.Cryptography.Algorithms</ModuleName>
      <Files />
      <Classes />
    </Module>
    <Module skippedDueTo="Filter" hash="3E-2C-80-45-4B-5B-8B-5F-09-84-82-17-AA-7B-43-BF-3F-43-55-D2">
      <ModulePath>C:\Program Files\dotnet\shared\Microsoft.NETCore.App\2.0.0\System.Resources.ResourceManager.dll</ModulePath>
      <ModuleTime>2017-07-20T10:52:08Z</ModuleTime>
      <ModuleName>System.Resources.ResourceManager</ModuleName>
      <Files />
      <Classes />
    </Module>
    <Module skippedDueTo="Filter" hash="C9-B1-4A-54-97-4E-1E-D7-82-8B-E9-17-E9-56-A6-83-32-BF-A1-41">
      <ModulePath>C:\Program Files\dotnet\shared\Microsoft.NETCore.App\2.0.0\System.Security.Cryptography.Primitives.dll</ModulePath>
      <ModuleTime>2017-07-20T10:52:08Z</ModuleTime>
      <ModuleName>System.Security.Cryptography.Primitives</ModuleName>
      <Files />
      <Classes />
    </Module>
    <Module skippedDueTo="Filter" hash="D5-25-59-4D-0F-50-A0-85-00-7F-EB-E1-0B-BD-B5-82-30-09-75-C8">
      <ModulePath>C:\Program Files\dotnet\shared\Microsoft.NETCore.App\2.0.0\System.ObjectModel.dll</ModulePath>
      <ModuleTime>2017-07-20T10:52:08Z</ModuleTime>
      <ModuleName>System.ObjectModel</ModuleName>
      <Files />
      <Classes />
    </Module>
    <Module skippedDueTo="Filter" hash="92-A1-00-E7-E2-BF-4D-F7-95-CB-46-C2-DF-CC-15-61-47-27-B2-9F">
      <ModulePath>C:\Program Files\dotnet\shared\Microsoft.NETCore.App\2.0.0\System.Threading.Thread.dll</ModulePath>
      <ModuleTime>2017-07-20T10:52:08Z</ModuleTime>
      <ModuleName>System.Threading.Thread</ModuleName>
      <Files />
      <Classes />
    </Module>
    <Module skippedDueTo="Filter" hash="7C-EB-99-71-08-B5-1F-60-CA-48-72-95-5E-DE-E2-5B-79-99-49-4F">
      <ModulePath>C:\Program Files\dotnet\shared\Microsoft.NETCore.App\2.0.0\System.Xml.ReaderWriter.dll</ModulePath>
      <ModuleTime>2017-07-20T10:52:08Z</ModuleTime>
      <ModuleName>System.Xml.ReaderWriter</ModuleName>
      <Files />
      <Classes />
    </Module>
    <Module skippedDueTo="Filter" hash="92-AC-DA-99-81-1A-EB-3D-7D-F3-46-72-13-0A-D3-C6-8A-70-DB-4C">
      <ModulePath>C:\Program Files\dotnet\shared\Microsoft.NETCore.App\2.0.0\System.Private.Xml.dll</ModulePath>
      <ModuleTime>2017-07-20T10:52:08Z</ModuleTime>
      <ModuleName>System.Private.Xml</ModuleName>
      <Files />
      <Classes />
    </Module>
    <Module skippedDueTo="Filter" hash="D3-F6-1A-F1-57-F1-04-F9-6E-11-BB-94-3E-86-F5-C3-6D-06-04-E2">
      <ModulePath>C:\Program Files\dotnet\shared\Microsoft.NETCore.App\2.0.0\System.Text.Encoding.Extensions.dll</ModulePath>
      <ModuleTime>2017-07-20T10:52:08Z</ModuleTime>
      <ModuleName>System.Text.Encoding.Extensions</ModuleName>
      <Files />
      <Classes />
    </Module>
    <Module skippedDueTo="Filter" hash="CF-8A-90-C4-AB-10-6A-59-C0-1A-9A-F8-B0-C9-E3-7D-B3-7F-76-A4">
      <ModulePath>C:\Program Files\dotnet\shared\Microsoft.NETCore.App\2.0.0\System.Xml.XmlDocument.dll</ModulePath>
      <ModuleTime>2017-07-20T10:52:08Z</ModuleTime>
      <ModuleName>System.Xml.XmlDocument</ModuleName>
      <Files />
      <Classes />
    </Module>
    <Module skippedDueTo="Filter" hash="1A-66-09-E2-D5-E4-83-D8-7E-2A-93-BE-1A-5C-12-EF-04-A0-6A-AE">
      <ModulePath>C:\Program Files\dotnet\shared\Microsoft.NETCore.App\2.0.0\System.Diagnostics.FileVersionInfo.dll</ModulePath>
      <ModuleTime>2017-07-20T10:52:06Z</ModuleTime>
      <ModuleName>System.Diagnostics.FileVersionInfo</ModuleName>
      <Files />
      <Classes />
    </Module>
    <Module skippedDueTo="Filter" hash="52-C8-E5-3A-B2-32-4A-17-18-33-8B-13-C2-3A-53-6D-EC-77-D9-9A">
      <ModulePath>C:\Program Files\dotnet\shared\Microsoft.NETCore.App\2.0.0\System.Reflection.Primitives.dll</ModulePath>
      <ModuleTime>2017-07-20T10:52:08Z</ModuleTime>
      <ModuleName>System.Reflection.Primitives</ModuleName>
      <Files />
      <Classes />
    </Module>
    <Module skippedDueTo="Filter" hash="B1-F6-FE-F4-3D-92-32-23-15-F5-F7-C9-04-1B-F8-AD-AF-D2-E4-C6">
      <ModulePath>C:\Program Files\dotnet\shared\Microsoft.NETCore.App\2.0.0\System.Collections.Immutable.dll</ModulePath>
      <ModuleTime>2017-07-20T10:52:06Z</ModuleTime>
      <ModuleName>System.Collections.Immutable</ModuleName>
      <Files />
      <Classes />
    </Module>
    <Module skippedDueTo="Filter" hash="45-27-D9-F1-DC-D9-48-5D-C7-D5-DC-7B-D0-B9-B3-2F-73-05-3B-AE">
      <ModulePath>C:\Program Files\dotnet\sdk\2.0.0\Microsoft.Build.Tasks.Core.dll</ModulePath>
      <ModuleTime>2017-08-03T07:08:12Z</ModuleTime>
      <ModuleName>Microsoft.Build.Tasks.Core</ModuleName>
      <Files />
      <Classes />
    </Module>
    <Module skippedDueTo="Filter" hash="9F-AA-5C-49-70-18-29-02-31-3E-CA-D3-BE-76-3F-CD-D7-32-04-E6">
      <ModulePath>C:\Program Files\dotnet\sdk\2.0.0\Microsoft.TestPlatform.Build.dll</ModulePath>
      <ModuleTime>2017-08-03T07:08:12Z</ModuleTime>
      <ModuleName>Microsoft.TestPlatform.Build</ModuleName>
      <Files />
      <Classes />
    </Module>
    <Module skippedDueTo="Filter" hash="50-B7-0E-CE-03-26-1D-99-C0-19-0F-7E-AB-AB-7A-52-3C-23-2D-95">
      <ModulePath>C:\Program Files\dotnet\shared\Microsoft.NETCore.App\2.0.0\System.Threading.ThreadPool.dll</ModulePath>
      <ModuleTime>2017-07-20T10:52:08Z</ModuleTime>
      <ModuleName>System.Threading.ThreadPool</ModuleName>
      <Files />
      <Classes />
    </Module>
    <Module skippedDueTo="Filter" hash="7F-86-D1-E6-14-45-A7-32-BF-F5-26-4C-B3-4B-72-A0-1B-F2-EF-62">
      <ModulePath>C:\Program Files\dotnet\shared\Microsoft.NETCore.App\2.0.0\System.Runtime.Loader.dll</ModulePath>
      <ModuleTime>2017-07-20T10:52:08Z</ModuleTime>
      <ModuleName>System.Runtime.Loader</ModuleName>
      <Files />
      <Classes />
    </Module>
    <Module skippedDueTo="Filter" hash="85-74-21-EC-76-BB-C4-A6-3A-AE-CE-60-C8-82-FC-E5-4F-88-33-73">
      <ModulePath>C:\Program Files\dotnet\shared\Microsoft.NETCore.App\2.0.0\System.Diagnostics.Tools.dll</ModulePath>
      <ModuleTime>2017-07-20T10:52:06Z</ModuleTime>
      <ModuleName>System.Diagnostics.Tools</ModuleName>
      <Files />
      <Classes />
    </Module>
    <Module skippedDueTo="Filter" hash="BB-C3-60-8D-63-57-F2-73-7D-85-8E-5E-18-FD-1B-3B-FE-37-42-F8">
      <ModulePath>C:\Program Files\dotnet\sdk\2.0.0\Sdks\Microsoft.NET.Sdk\build\..\tools\netcoreapp1.0/Microsoft.NET.Build.Tasks.dll</ModulePath>
      <ModuleTime>2017-08-03T07:08:12Z</ModuleTime>
      <ModuleName>Microsoft.NET.Build.Tasks</ModuleName>
      <Files />
      <Classes />
    </Module>
    <Module skippedDueTo="Filter" hash="AB-3C-81-B8-F6-36-BB-7C-8D-F5-C8-0A-7F-23-6E-13-4F-0E-D5-62">
      <ModulePath>C:\Program Files\dotnet\shared\Microsoft.NETCore.App\2.0.0\System.Diagnostics.Debug.dll</ModulePath>
      <ModuleTime>2017-07-20T10:52:06Z</ModuleTime>
      <ModuleName>System.Diagnostics.Debug</ModuleName>
      <Files />
      <Classes />
    </Module>
    <Module skippedDueTo="Filter" hash="EE-F7-12-04-F9-F9-02-18-2C-FA-A5-20-0B-E5-40-DC-C9-BA-47-4F">
      <ModulePath>C:\Program Files\dotnet\shared\Microsoft.NETCore.App\2.0.0\System.IO.Compression.dll</ModulePath>
      <ModuleTime>2017-07-20T10:52:06Z</ModuleTime>
      <ModuleName>System.IO.Compression</ModuleName>
      <Files />
      <Classes />
    </Module>
    <Module skippedDueTo="Filter" hash="CD-43-5A-53-5F-46-5A-61-F0-49-BE-B7-F3-EA-0F-20-AD-1A-8D-C6">
      <ModulePath>C:\Program Files\dotnet\shared\Microsoft.NETCore.App\2.0.0\System.Buffers.dll</ModulePath>
      <ModuleTime>2017-07-20T10:52:06Z</ModuleTime>
      <ModuleName>System.Buffers</ModuleName>
      <Files />
      <Classes />
    </Module>
    <Module skippedDueTo="Filter" hash="34-20-29-0F-12-7C-51-21-36-C6-7F-67-06-6A-AA-5A-34-0A-68-7C">
      <ModulePath>C:\Program Files\dotnet\sdk\2.0.0\NuGet.ProjectModel.dll</ModulePath>
      <ModuleTime>2017-08-03T07:08:14Z</ModuleTime>
      <ModuleName>NuGet.ProjectModel</ModuleName>
      <Files />
      <Classes />
    </Module>
    <Module skippedDueTo="Filter" hash="CD-6B-BC-AF-EF-21-6A-54-B4-B0-81-FD-3E-17-A9-EA-BA-D0-23-3D">
      <ModulePath>C:\Program Files\dotnet\shared\Microsoft.NETCore.App\2.0.0\System.Net.Http.dll</ModulePath>
      <ModuleTime>2017-07-20T10:52:06Z</ModuleTime>
      <ModuleName>System.Net.Http</ModuleName>
      <Files />
      <Classes />
    </Module>
    <Module skippedDueTo="Filter" hash="42-EF-DB-53-B2-A2-29-DF-FE-89-B4-25-36-E6-70-A0-D9-CF-30-6D">
      <ModulePath>C:\Program Files\dotnet\sdk\2.0.0\NuGet.Common.dll</ModulePath>
      <ModuleTime>2017-08-03T07:08:14Z</ModuleTime>
      <ModuleName>NuGet.Common</ModuleName>
      <Files />
      <Classes />
    </Module>
    <Module skippedDueTo="Filter" hash="5F-EC-41-41-AB-49-88-F8-F1-2A-13-23-4A-59-C7-E1-C4-B9-7B-57">
      <ModulePath>C:\Program Files\dotnet\shared\Microsoft.NETCore.App\2.0.0\System.Net.Primitives.dll</ModulePath>
      <ModuleTime>2017-07-20T10:52:08Z</ModuleTime>
      <ModuleName>System.Net.Primitives</ModuleName>
      <Files />
      <Classes />
    </Module>
    <Module skippedDueTo="Filter" hash="ED-46-3A-5F-F7-9C-67-C7-90-67-C9-D6-B9-9B-EC-00-E8-1F-73-D6">
      <ModulePath>C:\Program Files\dotnet\sdk\2.0.0\Newtonsoft.Json.dll</ModulePath>
      <ModuleTime>2017-08-03T07:02:18Z</ModuleTime>
      <ModuleName>Newtonsoft.Json</ModuleName>
      <Files />
      <Classes />
    </Module>
    <Module skippedDueTo="Filter" hash="7A-DB-D3-5C-EB-1E-6E-FF-8F-C6-E5-82-86-2B-77-2E-B1-DE-36-21">
      <ModulePath>C:\Program Files\dotnet\shared\Microsoft.NETCore.App\2.0.0\System.Dynamic.Runtime.dll</ModulePath>
      <ModuleTime>2017-07-20T10:52:06Z</ModuleTime>
      <ModuleName>System.Dynamic.Runtime</ModuleName>
      <Files />
      <Classes />
    </Module>
    <Module skippedDueTo="Filter" hash="AE-65-E4-FB-FE-67-FA-05-AA-9C-A5-D5-B0-AF-33-CC-AF-92-9B-35">
      <ModulePath>C:\Program Files\dotnet\shared\Microsoft.NETCore.App\2.0.0\System.Diagnostics.DiagnosticSource.dll</ModulePath>
      <ModuleTime>2017-07-20T10:52:06Z</ModuleTime>
      <ModuleName>System.Diagnostics.DiagnosticSource</ModuleName>
      <Files />
      <Classes />
    </Module>
    <Module skippedDueTo="Filter" hash="83-02-2F-5B-C7-1D-94-96-BC-75-A7-ED-DA-57-BA-A5-FB-E7-6F-1B">
      <ModulePath>C:\Program Files\dotnet\shared\Microsoft.NETCore.App\2.0.0\System.Linq.Expressions.dll</ModulePath>
      <ModuleTime>2017-07-20T10:52:06Z</ModuleTime>
      <ModuleName>System.Linq.Expressions</ModuleName>
      <Files />
      <Classes />
    </Module>
    <Module skippedDueTo="Filter" hash="94-15-48-19-F1-3C-5A-72-8C-BC-69-73-B7-42-21-90-E4-5A-A9-B9">
      <ModulePath>C:\Program Files\dotnet\shared\Microsoft.NETCore.App\2.0.0\System.Security.Cryptography.X509Certificates.dll</ModulePath>
      <ModuleTime>2017-07-20T10:52:08Z</ModuleTime>
      <ModuleName>System.Security.Cryptography.X509Certificates</ModuleName>
      <Files />
      <Classes />
    </Module>
    <Module skippedDueTo="Filter" hash="01-7C-FF-CC-31-09-CB-75-72-9E-FD-1B-F2-5F-ED-97-B5-6D-68-A6">
      <ModulePath>C:\Program Files\dotnet\sdk\2.0.0\NuGet.Versioning.dll</ModulePath>
      <ModuleTime>2017-08-03T07:08:14Z</ModuleTime>
      <ModuleName>NuGet.Versioning</ModuleName>
      <Files />
      <Classes />
    </Module>
    <Module skippedDueTo="Filter" hash="EE-6C-FA-0A-6A-DC-CC-D0-7C-47-80-2F-52-03-C1-43-5F-B6-4D-21">
      <ModulePath>C:\Program Files\dotnet\sdk\2.0.0\NuGet.Packaging.Core.dll</ModulePath>
      <ModuleTime>2017-08-03T07:08:14Z</ModuleTime>
      <ModuleName>NuGet.Packaging.Core</ModuleName>
      <Files />
      <Classes />
    </Module>
    <Module skippedDueTo="Filter" hash="A5-FE-BE-35-DD-6B-D4-01-E6-C1-24-58-7F-38-5C-DF-08-50-E8-6B">
      <ModulePath>C:\Program Files\dotnet\sdk\2.0.0\NuGet.LibraryModel.dll</ModulePath>
      <ModuleTime>2017-08-03T07:08:14Z</ModuleTime>
      <ModuleName>NuGet.LibraryModel</ModuleName>
      <Files />
      <Classes />
    </Module>
    <Module skippedDueTo="Filter" hash="E2-8A-C3-6A-5D-6A-04-06-5B-99-36-2C-F0-F7-03-5E-9C-25-4F-71">
      <ModulePath>C:\Program Files\dotnet\sdk\2.0.0\NuGet.Packaging.dll</ModulePath>
      <ModuleTime>2017-08-03T07:08:14Z</ModuleTime>
      <ModuleName>NuGet.Packaging</ModuleName>
      <Files />
      <Classes />
    </Module>
    <Module skippedDueTo="Filter" hash="41-F8-31-7B-7E-F3-AA-CA-4A-47-EA-DA-69-B0-C3-82-F9-10-35-0B">
      <ModulePath>C:\Program Files\dotnet\sdk\2.0.0\NuGet.Configuration.dll</ModulePath>
      <ModuleTime>2017-08-03T07:08:14Z</ModuleTime>
      <ModuleName>NuGet.Configuration</ModuleName>
      <Files />
      <Classes />
    </Module>
    <Module skippedDueTo="Filter" hash="1D-A3-AC-9A-6D-71-C8-61-DC-69-C8-FA-B9-A8-67-97-1B-2D-3C-E3">
      <ModulePath>C:\Program Files\dotnet\sdk\2.0.0\Microsoft\Microsoft.NET.Build.Extensions\\tools\netcoreapp1.0\Microsoft.NET.Build.Extensions.Tasks.dll</ModulePath>
      <ModuleTime>2017-08-03T07:08:12Z</ModuleTime>
      <ModuleName>Microsoft.NET.Build.Extensions.Tasks</ModuleName>
      <Files />
      <Classes />
    </Module>
    <Module skippedDueTo="Filter" hash="A0-72-53-FA-36-18-FB-FB-F8-17-22-67-D9-37-D8-0C-48-8C-D2-DE">
      <ModulePath>C:\Program Files\dotnet\shared\Microsoft.NETCore.App\2.0.0\System.Reflection.Metadata.dll</ModulePath>
      <ModuleTime>2017-07-20T10:52:08Z</ModuleTime>
      <ModuleName>System.Reflection.Metadata</ModuleName>
      <Files />
      <Classes />
    </Module>
    <Module skippedDueTo="Filter" hash="92-D8-BD-43-1E-47-8E-28-0A-44-C7-08-44-82-19-58-5E-AD-35-C9">
      <ModulePath>C:\Program Files\dotnet\shared\Microsoft.NETCore.App\2.0.0\System.IO.MemoryMappedFiles.dll</ModulePath>
      <ModuleTime>2017-07-20T10:52:06Z</ModuleTime>
      <ModuleName>System.IO.MemoryMappedFiles</ModuleName>
      <Files />
      <Classes />
    </Module>
    <Module skippedDueTo="Filter" hash="67-67-16-7B-20-D9-6E-DB-27-08-C7-3A-63-FF-24-D0-E5-7F-FD-86">
      <ModulePath>C:\Program Files\dotnet\sdk\2.0.0\Roslyn\Microsoft.Build.Tasks.CodeAnalysis.dll</ModulePath>
      <ModuleTime>2017-08-03T07:08:10Z</ModuleTime>
      <ModuleName>Microsoft.Build.Tasks.CodeAnalysis</ModuleName>
      <Files />
      <Classes />
    </Module>
    <Module skippedDueTo="Filter" hash="10-5F-52-1E-AE-ED-C8-AC-46-9C-6B-23-CA-AD-10-67-C9-96-30-2F">
      <ModulePath>C:\Program Files\dotnet\shared\Microsoft.NETCore.App\2.0.0\System.Threading.Timer.dll</ModulePath>
      <ModuleTime>2017-07-20T10:52:08Z</ModuleTime>
      <ModuleName>System.Threading.Timer</ModuleName>
      <Files />
      <Classes />
    </Module>
    <Module skippedDueTo="Filter" hash="2F-88-A9-BB-B6-16-36-10-AC-73-83-54-44-F5-17-12-E0-9F-03-28">
      <ModulePath>C:\Program Files\dotnet\shared\Microsoft.NETCore.App\2.0.0\System.Private.CoreLib.dll</ModulePath>
      <ModuleTime>2017-07-20T10:52:08Z</ModuleTime>
      <ModuleName>System.Private.CoreLib</ModuleName>
      <Files />
      <Classes />
    </Module>
    <Module skippedDueTo="Filter" hash="5C-D7-DD-0B-B5-34-B3-98-8A-46-72-DF-DF-3B-08-80-87-F7-2D-74">
      <ModulePath>C:\Program Files\dotnet\sdk\2.0.0\Roslyn\csc.exe</ModulePath>
      <ModuleTime>2017-08-03T07:08:10Z</ModuleTime>
      <ModuleName>csc</ModuleName>
      <Files />
      <Classes />
    </Module>
    <Module skippedDueTo="Filter" hash="B1-9D-98-DD-3C-A1-89-69-AC-7E-F1-16-E9-88-3F-F4-4C-77-AB-38">
      <ModulePath>C:\Program Files\dotnet\shared\Microsoft.NETCore.App\2.0.0\System.Runtime.dll</ModulePath>
      <ModuleTime>2017-07-20T10:52:08Z</ModuleTime>
      <ModuleName>System.Runtime</ModuleName>
      <Files />
      <Classes />
    </Module>
    <Module skippedDueTo="Filter" hash="9B-A1-C6-CF-DD-DD-32-06-E7-23-45-C1-76-64-62-B7-E0-AC-BF-98">
      <ModulePath>C:\Program Files\dotnet\sdk\2.0.0\Roslyn\Microsoft.CodeAnalysis.CSharp.dll</ModulePath>
      <ModuleTime>2017-08-03T07:08:12Z</ModuleTime>
      <ModuleName>Microsoft.CodeAnalysis.CSharp</ModuleName>
      <Files />
      <Classes />
    </Module>
    <Module skippedDueTo="Filter" hash="CD-F6-EB-CC-95-7B-2D-32-3B-5B-41-E8-25-44-45-CA-FF-5E-65-15">
      <ModulePath>C:\Program Files\dotnet\sdk\2.0.0\Roslyn\Microsoft.CodeAnalysis.dll</ModulePath>
      <ModuleTime>2017-08-03T07:08:12Z</ModuleTime>
      <ModuleName>Microsoft.CodeAnalysis</ModuleName>
      <Files />
      <Classes />
    </Module>
    <Module skippedDueTo="Filter" hash="2D-70-CB-62-DA-FC-A2-6C-E4-9F-F1-DB-4C-3B-9A-34-20-80-E4-06">
      <ModulePath>C:\Program Files\dotnet\shared\Microsoft.NETCore.App\2.0.0\System.IO.dll</ModulePath>
      <ModuleTime>2017-07-20T10:52:06Z</ModuleTime>
      <ModuleName>System.IO</ModuleName>
      <Files />
      <Classes />
    </Module>
    <Module skippedDueTo="Filter" hash="3C-7A-96-F0-F0-0A-AB-CF-4A-F1-7F-84-AD-D1-CC-8A-89-FB-43-30">
      <ModulePath>C:\Program Files\dotnet\shared\Microsoft.NETCore.App\2.0.0\System.Runtime.Extensions.dll</ModulePath>
      <ModuleTime>2017-07-20T10:52:08Z</ModuleTime>
      <ModuleName>System.Runtime.Extensions</ModuleName>
      <Files />
      <Classes />
    </Module>
    <Module skippedDueTo="Filter" hash="EF-01-0C-C7-04-7B-55-8E-E4-3A-33-93-09-C2-FB-42-94-A0-43-B7">
      <ModulePath>C:\Program Files\dotnet\shared\Microsoft.NETCore.App\2.0.0\System.Threading.Tasks.dll</ModulePath>
      <ModuleTime>2017-07-20T10:52:08Z</ModuleTime>
[...]
      <ModuleName>xunit.runner.visualstudio.testadapter</ModuleName>
      <Files />
      <Classes />
    </Module>
    <Module skippedDueTo="Filter" hash="7E-02-2C-90-E6-C9-70-2C-FC-98-47-42-E2-71-EB-BB-E0-74-01-82">
      <ModulePath>D:\OpenCoverSample\OpenCoverSampleGit\Sample.API.Test\bin\Debug\net461\xunit.runner.utility.net452.dll</ModulePath>
      <ModuleTime>2017-10-27T00:05:10Z</ModuleTime>
      <ModuleName>xunit.runner.utility.net452</ModuleName>
      <Files />
      <Classes />
    </Module>
    <Module skippedDueTo="Filter" hash="51-2F-F2-32-94-DA-C0-F3-A5-F2-A6-46-6A-26-C0-33-1A-24-08-E8">
      <ModulePath>D:\OpenCoverSample\OpenCoverSampleGit\Sample.API.Test\bin\Debug\net461\xunit.abstractions.dll</ModulePath>
      <ModuleTime>2017-10-27T00:05:08Z</ModuleTime>
      <ModuleName>xunit.abstractions</ModuleName>
      <Files />
      <Classes />
    </Module>
    <Module hash="2A-5D-7C-3F-FC-A4-AF-DF-54-4A-E4-32-41-70-B2-B4-A8-BB-A7-CF">
      <Summary numSequencePoints="3" visitedSequencePoints="0" numBranchPoints="1" visitedBranchPoints="0" sequenceCoverage="0" branchCoverage="0" maxCyclomaticComplexity="1" minCyclomaticComplexity="1" maxCrapScore="2" minCrapScore="2" visitedClasses="0" numClasses="1" visitedMethods="0" numMethods="1" />
      <ModulePath>D:\OpenCoverSample\OpenCoverSampleGit\Sample.API.Test\bin\Debug\net461\Sample.API.dll</ModulePath>
      <ModuleTime>2018-02-22T07:54:21.4236713Z</ModuleTime>
      <ModuleName>Sample.API</ModuleName>
      <Files>
        <File uid="1" fullPath="D:\OpenCoverSample\OpenCoverSampleGit\Sample.API\Add\AddRepository.cs" />
      </Files>
      <Classes>
        <Class>
          <Summary numSequencePoints="3" visitedSequencePoints="0" numBranchPoints="1" visitedBranchPoints="0" sequenceCoverage="0" branchCoverage="0" maxCyclomaticComplexity="1" minCyclomaticComplexity="1" maxCrapScore="2" minCrapScore="2" visitedClasses="0" numClasses="1" visitedMethods="0" numMethods="1" />
          <FullName>Sample.API.Add.AddRepository</FullName>
          <Methods>
            <Method visited="false" cyclomaticComplexity="1" nPathComplexity="0" sequenceCoverage="0" branchCoverage="0" crapScore="2" isConstructor="false" isStatic="false" isGetter="false" isSetter="false">
              <Summary numSequencePoints="3" visitedSequencePoints="0" numBranchPoints="1" visitedBranchPoints="0" sequenceCoverage="0" branchCoverage="0" maxCyclomaticComplexity="1" minCyclomaticComplexity="1" maxCrapScore="2" minCrapScore="2" visitedClasses="0" numClasses="0" visitedMethods="0" numMethods="1" />
              <MetadataToken>100663297</MetadataToken>
              <Name>System.Int32 Sample.API.Add.AddRepository::AddTwoNumbers(System.Int32,System.Int32)</Name>
              <FileRef uid="1" />
              <SequencePoints>
                <SequencePoint vc="0" uspid="1" ordinal="0" offset="0" sl="10" sc="9" el="10" ec="10" bec="0" bev="0" fileid="1" />
                <SequencePoint vc="0" uspid="2" ordinal="1" offset="1" sl="11" sc="13" el="11" ec="47" bec="0" bev="0" fileid="1" />
                <SequencePoint vc="0" uspid="3" ordinal="2" offset="7" sl="12" sc="9" el="12" ec="10" bec="0" bev="0" fileid="1" />
              </SequencePoints>
              <BranchPoints />
              <MethodPoint xsi:type="SequencePoint" vc="0" uspid="1" ordinal="0" offset="0" sl="10" sc="9" el="10" ec="10" bec="0" bev="0" fileid="1" />
            </Method>
            <Method visited="false" cyclomaticComplexity="1" nPathComplexity="0" sequenceCoverage="0" branchCoverage="0" crapScore="2" isConstructor="true" isStatic="false" isGetter="false" isSetter="false">
              <Summary numSequencePoints="0" visitedSequencePoints="0" numBranchPoints="0" visitedBranchPoints="0" sequenceCoverage="0" branchCoverage="0" maxCyclomaticComplexity="1" minCyclomaticComplexity="1" maxCrapScore="2" minCrapScore="2" visitedClasses="0" numClasses="0" visitedMethods="0" numMethods="0" />
              <MetadataToken>100663298</MetadataToken>
              <Name>System.Void Sample.API.Add.AddRepository::.ctor()</Name>
              <SequencePoints />
              <BranchPoints />
              <MethodPoint vc="0" uspid="4" ordinal="0" offset="0" />
            </Method>
          </Methods>
        </Class>
      </Classes>
    </Module>
    <Module hash="42-34-17-9F-DB-79-7B-5D-7B-93-7A-62-EE-33-2E-CF-A0-0E-80-25">
      <Summary numSequencePoints="7" visitedSequencePoints="0" numBranchPoints="1" visitedBranchPoints="0" sequenceCoverage="0" branchCoverage="0" maxCyclomaticComplexity="1" minCyclomaticComplexity="1" maxCrapScore="2" minCrapScore="2" visitedClasses="0" numClasses="1" visitedMethods="0" numMethods="1" />
      <ModulePath>D:\OpenCoverSample\OpenCoverSampleGit\Sample.API.Test\bin\Debug\net461\Sample.API.Test.dll</ModulePath>
      <ModuleTime>2018-02-22T08:11:56.6287079Z</ModuleTime>
      <ModuleName>Sample.API.Test</ModuleName>
      <Files>
        <File uid="3" fullPath="D:\OpenCoverSample\OpenCoverSampleGit\Sample.API.Test\SampleRepositoryTest\AddRepositoryTest.cs" />
      </Files>
      <Classes>
        <Class>
          <Summary numSequencePoints="7" visitedSequencePoints="0" numBranchPoints="1" visitedBranchPoints="0" sequenceCoverage="0" branchCoverage="0" maxCyclomaticComplexity="1" minCyclomaticComplexity="1" maxCrapScore="2" minCrapScore="2" visitedClasses="0" numClasses="1" visitedMethods="0" numMethods="1" />
          <FullName>Sample.API.Test.SampleRepositoryTest.AddRepositoryTest</FullName>
          <Methods>
            <Method visited="false" cyclomaticComplexity="1" nPathComplexity="0" sequenceCoverage="0" branchCoverage="0" crapScore="2" isConstructor="false" isStatic="false" isGetter="false" isSetter="false">
              <Summary numSequencePoints="7" visitedSequencePoints="0" numBranchPoints="1" visitedBranchPoints="0" sequenceCoverage="0" branchCoverage="0" maxCyclomaticComplexity="1" minCyclomaticComplexity="1" maxCrapScore="2" minCrapScore="2" visitedClasses="0" numClasses="0" visitedMethods="0" numMethods="1" />
              <MetadataToken>100663297</MetadataToken>
              <Name>System.Void Sample.API.Test.SampleRepositoryTest.AddRepositoryTest::AddTwoNumbersTest()</Name>
              <FileRef uid="3" />
              <SequencePoints>
                <SequencePoint vc="0" uspid="5" ordinal="0" offset="0" sl="10" sc="9" el="10" ec="10" bec="0" bev="0" fileid="3" />
                <SequencePoint vc="0" uspid="6" ordinal="1" offset="1" sl="11" sc="13" el="11" ec="63" bec="0" bev="0" fileid="3" />
                <SequencePoint vc="0" uspid="7" ordinal="2" offset="7" sl="12" sc="13" el="12" ec="33" bec="0" bev="0" fileid="3" />
                <SequencePoint vc="0" uspid="8" ordinal="3" offset="9" sl="13" sc="13" el="13" ec="34" bec="0" bev="0" fileid="3" />
                <SequencePoint vc="0" uspid="9" ordinal="4" offset="11" sl="14" sc="13" el="14" ec="81" bec="0" bev="0" fileid="3" />
                <SequencePoint vc="0" uspid="10" ordinal="5" offset="20" sl="15" sc="13" el="15" ec="38" bec="0" bev="0" fileid="3" />
                <SequencePoint vc="0" uspid="11" ordinal="6" offset="30" sl="16" sc="9" el="16" ec="10" bec="0" bev="0" fileid="3" />
              </SequencePoints>
              <BranchPoints />
              <MethodPoint xsi:type="SequencePoint" vc="0" uspid="5" ordinal="0" offset="0" sl="10" sc="9" el="10" ec="10" bec="0" bev="0" fileid="3" />
            </Method>
            <Method visited="false" cyclomaticComplexity="1" nPathComplexity="0" sequenceCoverage="0" branchCoverage="0" crapScore="2" isConstructor="true" isStatic="false" isGetter="false" isSetter="false">
              <Summary numSequencePoints="0" visitedSequencePoints="0" numBranchPoints="0" visitedBranchPoints="0" sequenceCoverage="0" branchCoverage="0" maxCyclomaticComplexity="1" minCyclomaticComplexity="1" maxCrapScore="2" minCrapScore="2" visitedClasses="0" numClasses="0" visitedMethods="0" numMethods="0" />
              <MetadataToken>100663298</MetadataToken>
              <Name>System.Void Sample.API.Test.SampleRepositoryTest.AddRepositoryTest::.ctor()</Name>
              <SequencePoints />
              <BranchPoints />
              <MethodPoint vc="0" uspid="12" ordinal="0" offset="0" />
            </Method>
          </Methods>
        </Class>
      </Classes>
    </Module>
    <Module skippedDueTo="Filter" hash="BF-E5-4F-FE-CF-53-6A-47-B3-9C-83-FA-80-22-8A-DC-19-81-A7-C4">
      <ModulePath>D:\OpenCoverSample\OpenCoverSampleGit\Sample.API.Test\bin\Debug\net461\xunit.assert.dll</ModulePath>
      <ModuleTime>2017-10-27T00:04:24Z</ModuleTime>
      <ModuleName>xunit.assert</ModuleName>
      <Files />
      <Classes />
    </Module>
    <Module skippedDueTo="Filter" hash="A9-2D-37-71-85-86-25-78-29-7F-26-79-55-A6-E5-61-80-28-93-5F">
      <ModulePath>D:\OpenCoverSample\OpenCoverSampleGit\Sample.API.Test\bin\Debug\net461\xunit.core.dll</ModulePath>
      <ModuleTime>2017-10-27T00:04:40Z</ModuleTime>
      <ModuleName>xunit.core</ModuleName>
      <Files />
      <Classes />
    </Module>
    <Module skippedDueTo="Filter" hash="61-48-84-C2-D1-D5-99-D6-62-AF-99-DC-EE-36-8C-D2-C9-20-16-EB">
      <ModulePath>D:\OpenCoverSample\OpenCoverSampleGit\Sample.API.Test\bin\Debug\net461\xunit.execution.desktop.dll</ModulePath>
      <ModuleTime>2017-10-27T00:04:44Z</ModuleTime>
      <ModuleName>xunit.execution.desktop</ModuleName>
      <Files />
      <Classes />
    </Module>
    <Module skippedDueTo="Filter" hash="64-76-A8-AC-03-6B-4A-96-5E-0C-1D-24-49-AC-7D-C2-45-73-F9-FD">
      <ModulePath>D:\OpenCoverSample\OpenCoverSampleGit\Sample.API.Test\bin\Debug\net461\xunit.runner.reporters.net452.dll</ModulePath>
      <ModuleTime>2017-10-27T00:05:08Z</ModuleTime>
      <ModuleName>xunit.runner.reporters.net452</ModuleName>
      <Files />
      <Classes />
    </Module>
    <Module skippedDueTo="Filter" hash="1E-BF-87-A2-61-B1-E2-B3-03-13-4A-72-15-75-13-FB-FE-2C-7E-57">
      <ModulePath>C:\WINDOWS\Microsoft.Net\assembly\GAC_MSIL\System.Net.Http\v4.0_4.0.0.0__b03f5f7f11d50a3a\System.Net.Http.dll</ModulePath>
      <ModuleTime>2017-09-29T13:43:06.8185861Z</ModuleTime>
      <ModuleName>System.Net.Http</ModuleName>
      <Files />
      <Classes />
    </Module>
    <Module skippedDueTo="Filter" hash="7E-02-2C-90-E6-C9-70-2C-FC-98-47-42-E2-71-EB-BB-E0-74-01-82">
      <ModulePath>C:\Users\sandipan\AppData\Local\Temp\05c35d9b-0471-4e02-8d58-ad8f637a51b3\05c35d9b-0471-4e02-8d58-ad8f637a51b3\assembly\dl3\d215bab4\003ffa40_b74ed301\xunit.runner.utility.net452.dll</ModulePath>
      <ModuleTime>2018-02-22T08:11:59.6947404Z</ModuleTime>
      <ModuleName>xunit.runner.utility.net452</ModuleName>
      <Files />
      <Classes />
    </Module>
    <Module skippedDueTo="Filter" hash="4A-F4-16-E3-B7-42-DD-D3-EE-AC-F2-25-BE-F3-D2-88-B2-F6-A0-2F">
      <ModulePath>C:\WINDOWS\Microsoft.Net\assembly\GAC_MSIL\System.Core\v4.0_4.0.0.0__b77a5c561934e089\System.Core.dll</ModulePath>
      <ModuleTime>2017-10-20T05:08:33.5184446Z</ModuleTime>
      <ModuleName>System.Core</ModuleName>
      <Files />
      <Classes />
    </Module>
    <Module skippedDueTo="Filter" hash="CB-7B-C7-A0-09-0F-BA-F4-8A-02-A9-E9-2A-7B-43-34-93-46-0F-58">
      <ModulePath>C:\WINDOWS\Microsoft.Net\assembly\GAC_MSIL\System\v4.0_4.0.0.0__b77a5c561934e089\System.dll</ModulePath>
      <ModuleTime>2017-09-29T13:43:06.7717063Z</ModuleTime>
      <ModuleName>System</ModuleName>
      <Files />
      <Classes />
    </Module>
    <Module skippedDueTo="Filter" hash="">
      <ModulePath>RefEmit_InMemoryManifestModule</ModulePath>
      <ModuleTime>0001-01-01T00:00:00</ModuleTime>
      <ModuleName>Anonymously Hosted DynamicMethods Assembly</ModuleName>
      <Files />
      <Classes />
    </Module>
    <Module skippedDueTo="MissingPdb" hash="42-34-17-9F-DB-79-7B-5D-7B-93-7A-62-EE-33-2E-CF-A0-0E-80-25">
      <ModulePath>C:\Users\sandipan\AppData\Local\Temp\05c35d9b-0471-4e02-8d58-ad8f637a51b3\05c35d9b-0471-4e02-8d58-ad8f637a51b3\assembly\dl3\f2b7da7d\e79c3ace_b4abd301\Sample.API.Test.dll</ModulePath>
      <ModuleTime>2018-02-22T08:11:59.8086146Z</ModuleTime>
      <ModuleName>Sample.API.Test</ModuleName>
      <Files />
      <Classes />
    </Module>
    <Module skippedDueTo="Filter" hash="7E-02-2C-90-E6-C9-70-2C-FC-98-47-42-E2-71-EB-BB-E0-74-01-82">
      <ModulePath>C:\Users\sandipan\AppData\Local\Temp\b097ec0b-02f1-4f38-a3a3-b00378325f2c\b097ec0b-02f1-4f38-a3a3-b00378325f2c\assembly\dl3\4c3478a9\003ffa40_b74ed301\xunit.runner.utility.net452.dll</ModulePath>
      <ModuleTime>2018-02-22T08:11:59.8838103Z</ModuleTime>
      <ModuleName>xunit.runner.utility.net452</ModuleName>
      <Files />
      <Classes />
    </Module>
    <Module skippedDueTo="Filter" hash="61-48-84-C2-D1-D5-99-D6-62-AF-99-DC-EE-36-8C-D2-C9-20-16-EB">
      <ModulePath>C:\Users\sandipan\AppData\Local\Temp\b097ec0b-02f1-4f38-a3a3-b00378325f2c\b097ec0b-02f1-4f38-a3a3-b00378325f2c\assembly\dl3\d00ee390\00f67a31_b74ed301\xunit.execution.desktop.dll</ModulePath>
      <ModuleTime>2018-02-22T08:11:59.9103801Z</ModuleTime>
      <ModuleName>xunit.execution.desktop</ModuleName>
      <Files />
      <Classes />
    </Module>
    <Module skippedDueTo="Filter" hash="51-2F-F2-32-94-DA-C0-F3-A5-F2-A6-46-6A-26-C0-33-1A-24-08-E8">
      <ModulePath>C:\Users\sandipan\AppData\Local\Temp\b097ec0b-02f1-4f38-a3a3-b00378325f2c\b097ec0b-02f1-4f38-a3a3-b00378325f2c\assembly\dl3\e0cfd8c1\0012c93f_b74ed301\xunit.abstractions.dll</ModulePath>
      <ModuleTime>2018-02-22T08:11:59.9306445Z</ModuleTime>
      <ModuleName>xunit.abstractions</ModuleName>
      <Files />
      <Classes />
    </Module>
    <Module skippedDueTo="Filter" hash="CB-7B-C7-A0-09-0F-BA-F4-8A-02-A9-E9-2A-7B-43-34-93-46-0F-58">
      <ModulePath>C:\WINDOWS\Microsoft.Net\assembly\GAC_MSIL\System\v4.0_4.0.0.0__b77a5c561934e089\System.dll</ModulePath>
      <ModuleTime>2017-09-29T13:43:06.7717063Z</ModuleTime>
      <ModuleName>System</ModuleName>
      <Files />
      <Classes />
    </Module>
    <Module skippedDueTo="MissingPdb" hash="42-34-17-9F-DB-79-7B-5D-7B-93-7A-62-EE-33-2E-CF-A0-0E-80-25">
      <ModulePath>C:\Users\sandipan\AppData\Local\Temp\b097ec0b-02f1-4f38-a3a3-b00378325f2c\b097ec0b-02f1-4f38-a3a3-b00378325f2c\assembly\dl3\873f3cc9\e79c3ace_b4abd301\Sample.API.Test.dll</ModulePath>
      <ModuleTime>2018-02-22T08:11:59.9593371Z</ModuleTime>
      <ModuleName>Sample.API.Test</ModuleName>
      <Files />
      <Classes />
    </Module>
    <Module skippedDueTo="Filter" hash="4A-F4-16-E3-B7-42-DD-D3-EE-AC-F2-25-BE-F3-D2-88-B2-F6-A0-2F">
      <ModulePath>C:\WINDOWS\Microsoft.Net\assembly\GAC_MSIL\System.Core\v4.0_4.0.0.0__b77a5c561934e089\System.Core.dll</ModulePath>
      <ModuleTime>2017-10-20T05:08:33.5184446Z</ModuleTime>
      <ModuleName>System.Core</ModuleName>
      <Files />
      <Classes />
    </Module>
    <Module skippedDueTo="Filter" hash="A9-2D-37-71-85-86-25-78-29-7F-26-79-55-A6-E5-61-80-28-93-5F">
      <ModulePath>C:\Users\sandipan\AppData\Local\Temp\b097ec0b-02f1-4f38-a3a3-b00378325f2c\b097ec0b-02f1-4f38-a3a3-b00378325f2c\assembly\dl3\09cde7f0\009c182f_b74ed301\xunit.core.dll</ModulePath>
      <ModuleTime>2018-02-22T08:11:59.9894267Z</ModuleTime>
      <ModuleName>xunit.core</ModuleName>
      <Files />
      <Classes />
    </Module>
    <Module skippedDueTo="Filter" hash="3B-8E-DA-68-AF-09-5C-45-40-48-7B-6A-94-0C-04-C0-1A-CC-E4-17">
      <ModulePath>C:\WINDOWS\Microsoft.Net\assembly\GAC_MSIL\System.Runtime\v4.0_4.0.0.0__b03f5f7f11d50a3a\System.Runtime.dll</ModulePath>
      <ModuleTime>2017-09-29T13:43:06.8185861Z</ModuleTime>
      <ModuleName>System.Runtime</ModuleName>
      <Files />
      <Classes />
    </Module>
    <Module skippedDueTo="Filter" hash="DB-77-50-FA-47-4E-59-59-A5-0A-50-19-2F-06-4B-B3-B1-74-61-AB">
      <ModulePath>C:\WINDOWS\Microsoft.Net\assembly\GAC_MSIL\System.Threading.Tasks\v4.0_4.0.0.0__b03f5f7f11d50a3a\System.Threading.Tasks.dll</ModulePath>
      <ModuleTime>2017-09-29T13:43:05.2872104Z</ModuleTime>
      <ModuleName>System.Threading.Tasks</ModuleName>
      <Files />
      <Classes />
    </Module>
    <Module skippedDueTo="Filter" hash="37-90-B3-58-CA-9D-19-8A-13-94-74-C9-F9-71-E4-11-88-F3-F6-10">
      <ModulePath>C:\Users\sandipan\AppData\Local\Temp\b097ec0b-02f1-4f38-a3a3-b00378325f2c\b097ec0b-02f1-4f38-a3a3-b00378325f2c\assembly\dl3\bf01c6c5\003ffa40_b74ed301\xunit.runner.visualstudio.testadapter.dll</ModulePath>
      <ModuleTime>2018-02-22T08:12:00.1950342Z</ModuleTime>
      <ModuleName>xunit.runner.visualstudio.testadapter</ModuleName>
      <Files />
      <Classes />
    </Module>
    <Module skippedDueTo="Filter" hash="A9-2D-37-71-85-86-25-78-29-7F-26-79-55-A6-E5-61-80-28-93-5F">
      <ModulePath>C:\Users\sandipan\AppData\Local\Temp\05c35d9b-0471-4e02-8d58-ad8f637a51b3\05c35d9b-0471-4e02-8d58-ad8f637a51b3\assembly\dl3\6667e713\009c182f_b74ed301\xunit.core.dll</ModulePath>
      <ModuleTime>2018-02-22T08:12:00.2501606Z</ModuleTime>
      <ModuleName>xunit.core</ModuleName>
      <Files />
      <Classes />
    </Module>
    <Module skippedDueTo="Filter" hash="3B-8E-DA-68-AF-09-5C-45-40-48-7B-6A-94-0C-04-C0-1A-CC-E4-17">
      <ModulePath>C:\WINDOWS\Microsoft.Net\assembly\GAC_MSIL\System.Runtime\v4.0_4.0.0.0__b03f5f7f11d50a3a\System.Runtime.dll</ModulePath>
      <ModuleTime>2017-09-29T13:43:06.8185861Z</ModuleTime>
      <ModuleName>System.Runtime</ModuleName>
      <Files />
      <Classes />
    </Module>
    <Module skippedDueTo="Filter" hash="">
      <ModulePath>RefEmit_InMemoryManifestModule</ModulePath>
      <ModuleTime>0001-01-01T00:00:00</ModuleTime>
      <ModuleName>Anonymously Hosted DynamicMethods Assembly</ModuleName>
      <Files />
      <Classes />
    </Module>
    <Module skippedDueTo="Filter" hash="3B-8E-DA-68-AF-09-5C-45-40-48-7B-6A-94-0C-04-C0-1A-CC-E4-17">
      <ModulePath>C:\WINDOWS\Microsoft.Net\assembly\GAC_MSIL\System.Runtime\v4.0_4.0.0.0__b03f5f7f11d50a3a\System.Runtime.dll</ModulePath>
      <ModuleTime>2017-09-29T13:43:06.8185861Z</ModuleTime>
      <ModuleName>System.Runtime</ModuleName>
      <Files />
      <Classes />
    </Module>
    <Module skippedDueTo="Filter" hash="DB-77-50-FA-47-4E-59-59-A5-0A-50-19-2F-06-4B-B3-B1-74-61-AB">
      <ModulePath>C:\WINDOWS\Microsoft.Net\assembly\GAC_MSIL\System.Threading.Tasks\v4.0_4.0.0.0__b03f5f7f11d50a3a\System.Threading.Tasks.dll</ModulePath>
      <ModuleTime>2017-09-29T13:43:05.2872104Z</ModuleTime>
      <ModuleName>System.Threading.Tasks</ModuleName>
      <Files />
      <Classes />
    </Module>
    <Module skippedDueTo="Filter" hash="B8-80-E6-57-21-F6-EC-4D-8B-82-EB-25-D9-79-1A-57-B9-34-1C-02">
      <ModulePath>C:\WINDOWS\Microsoft.Net\assembly\GAC_MSIL\System.Collections\v4.0_4.0.0.0__b03f5f7f11d50a3a\System.Collections.dll</ModulePath>
      <ModuleTime>2017-09-29T13:43:09.6469357Z</ModuleTime>
      <ModuleName>System.Collections</ModuleName>
      <Files />
      <Classes />
    </Module>
    <Module skippedDueTo="MissingPdb" hash="2A-5D-7C-3F-FC-A4-AF-DF-54-4A-E4-32-41-70-B2-B4-A8-BB-A7-CF">
      <ModulePath>C:\Users\sandipan\AppData\Local\Temp\b097ec0b-02f1-4f38-a3a3-b00378325f2c\b097ec0b-02f1-4f38-a3a3-b00378325f2c\assembly\dl3\01abd72f\291a4759_b2abd301\Sample.API.dll</ModulePath>
      <ModuleTime>2018-02-22T08:12:00.4484854Z</ModuleTime>
      <ModuleName>Sample.API</ModuleName>
      <Files />
      <Classes />
    </Module>
    <Module skippedDueTo="Filter" hash="BF-E5-4F-FE-CF-53-6A-47-B3-9C-83-FA-80-22-8A-DC-19-81-A7-C4">
      <ModulePath>C:\Users\sandipan\AppData\Local\Temp\b097ec0b-02f1-4f38-a3a3-b00378325f2c\b097ec0b-02f1-4f38-a3a3-b00378325f2c\assembly\dl3\1e187081\00348f25_b74ed301\xunit.assert.dll</ModulePath>
      <ModuleTime>2018-02-22T08:12:00.4785131Z</ModuleTime>
      <ModuleName>xunit.assert</ModuleName>
      <Files />
      <Classes />
    </Module>
  </Modules>
</CoverageSession>